Feb 18 03:45:01 2526126-co44688 rsyslogd[1057]: [origin software="rsyslogd" swVersion="8.2102.0-15.el8" x-pid="1057" x-info="https://www.rsyslog.com"] rsyslogd was HUPed
Feb 18 04:10:29 2526126-co44688 qemu-ga[593]: info: guest-exec called: "/bin/sh -c lsblk --list -o NAME,FSTYPE --noheadings /dev/vda"
Feb 18 04:10:30 2526126-co44688 qemu-ga[593]: info: guest-exec-status called, pid: 179265
Feb 18 04:10:30 2526126-co44688 qemu-ga[593]: info: guest-exec called: "/bin/sh -c df -Pk /dev/vda1"
Feb 18 04:10:31 2526126-co44688 qemu-ga[593]: info: guest-exec-status called, pid: 179267
Feb 18 05:00:25 2526126-co44688 qemu-ga[593]: info: guest-exec called: "/bin/sh -c lsblk --list -o NAME,FSTYPE --noheadings /dev/vda"
Feb 18 05:00:26 2526126-co44688 qemu-ga[593]: info: guest-exec-status called, pid: 179503
Feb 18 05:00:26 2526126-co44688 qemu-ga[593]: info: guest-exec called: "/bin/sh -c df -Pk /dev/vda1"
Feb 18 05:00:27 2526126-co44688 qemu-ga[593]: info: guest-exec-status called, pid: 179505
Feb 18 05:59:37 2526126-co44688 qemu-ga[593]: info: guest-exec called: "/bin/sh -c lsblk --list -o NAME,FSTYPE --noheadings /dev/vda"
Feb 18 05:59:38 2526126-co44688 qemu-ga[593]: info: guest-exec-status called, pid: 179646
Feb 18 05:59:38 2526126-co44688 qemu-ga[593]: info: guest-exec called: "/bin/sh -c df -Pk /dev/vda1"
Feb 18 05:59:39 2526126-co44688 qemu-ga[593]: info: guest-exec-status called, pid: 179648
Feb 18 06:40:36 2526126-co44688 qemu-ga[593]: info: guest-exec called: "/bin/sh -c lsblk --list -o NAME,FSTYPE --noheadings /dev/vda"
Feb 18 06:40:37 2526126-co44688 qemu-ga[593]: info: guest-exec-status called, pid: 179739
Feb 18 06:40:37 2526126-co44688 qemu-ga[593]: info: guest-exec called: "/bin/sh -c df -Pk /dev/vda1"
Feb 18 06:40:38 2526126-co44688 qemu-ga[593]: info: guest-exec-status called, pid: 179741
Feb 18 07:30:28 2526126-co44688 qemu-ga[593]: info: guest-exec called: "/bin/sh -c lsblk --list -o NAME,FSTYPE --noheadings /dev/vda"
Feb 18 07:30:29 2526126-co44688 qemu-ga[593]: info: guest-exec-status called, pid: 179849
Feb 18 07:30:29 2526126-co44688 qemu-ga[593]: info: guest-exec called: "/bin/sh -c df -Pk /dev/vda1"
Feb 18 07:30:30 2526126-co44688 qemu-ga[593]: info: guest-exec-status called, pid: 179851
Feb 18 08:20:24 2526126-co44688 qemu-ga[593]: info: guest-exec called: "/bin/sh -c lsblk --list -o NAME,FSTYPE --noheadings /dev/vda"
Feb 18 08:20:25 2526126-co44688 qemu-ga[593]: info: guest-exec-status called, pid: 180062
Feb 18 08:20:25 2526126-co44688 qemu-ga[593]: info: guest-exec called: "/bin/sh -c df -Pk /dev/vda1"
Feb 18 08:20:26 2526126-co44688 qemu-ga[593]: info: guest-exec-status called, pid: 180064
Feb 18 09:10:19 2526126-co44688 qemu-ga[593]: info: guest-exec called: "/bin/sh -c lsblk --list -o NAME,FSTYPE --noheadings /dev/vda"
Feb 18 09:10:20 2526126-co44688 qemu-ga[593]: info: guest-exec-status called, pid: 180911
Feb 18 09:10:20 2526126-co44688 qemu-ga[593]: info: guest-exec called: "/bin/sh -c df -Pk /dev/vda1"
Feb 18 09:10:21 2526126-co44688 qemu-ga[593]: info: guest-exec-status called, pid: 180913
Feb 18 09:59:46 2526126-co44688 NetworkManager[681]: <info>  [1708239586.1947] dhcp4 (ens3):   address 89.223.124.90
Feb 18 09:59:46 2526126-co44688 NetworkManager[681]: <info>  [1708239586.1947] dhcp4 (ens3):   plen 24 (255.255.255.0)
Feb 18 09:59:46 2526126-co44688 NetworkManager[681]: <info>  [1708239586.1948] dhcp4 (ens3):   classless static route 169.254.169.0/24 gw 0.0.0.0
Feb 18 09:59:46 2526126-co44688 NetworkManager[681]: <info>  [1708239586.1948] dhcp4 (ens3):   gateway 89.223.124.1
Feb 18 09:59:46 2526126-co44688 NetworkManager[681]: <info>  [1708239586.1948] dhcp4 (ens3):   lease time 86400
Feb 18 09:59:46 2526126-co44688 NetworkManager[681]: <info>  [1708239586.1948] dhcp4 (ens3):   nameserver '92.53.116.104'
Feb 18 09:59:46 2526126-co44688 NetworkManager[681]: <info>  [1708239586.1948] dhcp4 (ens3):   nameserver '92.53.116.13'
Feb 18 09:59:46 2526126-co44688 NetworkManager[681]: <info>  [1708239586.1949] dhcp4 (ens3): state changed new lease, address=89.223.124.90
Feb 18 10:00:24 2526126-co44688 qemu-ga[593]: info: guest-exec called: "/bin/sh -c lsblk --list -o NAME,FSTYPE --noheadings /dev/vda"
Feb 18 10:00:25 2526126-co44688 qemu-ga[593]: info: guest-exec-status called, pid: 181027
Feb 18 10:00:25 2526126-co44688 qemu-ga[593]: info: guest-exec called: "/bin/sh -c df -Pk /dev/vda1"
Feb 18 10:00:26 2526126-co44688 qemu-ga[593]: info: guest-exec-status called, pid: 181029
Feb 18 10:50:22 2526126-co44688 qemu-ga[593]: info: guest-exec called: "/bin/sh -c lsblk --list -o NAME,FSTYPE --noheadings /dev/vda"
Feb 18 10:50:23 2526126-co44688 qemu-ga[593]: info: guest-exec-status called, pid: 181138
Feb 18 10:50:23 2526126-co44688 qemu-ga[593]: info: guest-exec called: "/bin/sh -c df -Pk /dev/vda1"
Feb 18 10:50:24 2526126-co44688 qemu-ga[593]: info: guest-exec-status called, pid: 181140
Feb 18 11:40:21 2526126-co44688 qemu-ga[593]: info: guest-exec called: "/bin/sh -c lsblk --list -o NAME,FSTYPE --noheadings /dev/vda"
Feb 18 11:40:22 2526126-co44688 qemu-ga[593]: info: guest-exec-status called, pid: 182051
Feb 18 11:40:22 2526126-co44688 qemu-ga[593]: info: guest-exec called: "/bin/sh -c df -Pk /dev/vda1"
Feb 18 11:40:23 2526126-co44688 qemu-ga[593]: info: guest-exec-status called, pid: 182053
Feb 18 12:30:27 2526126-co44688 qemu-ga[593]: info: guest-exec called: "/bin/sh -c lsblk --list -o NAME,FSTYPE --noheadings /dev/vda"
Feb 18 12:30:28 2526126-co44688 qemu-ga[593]: info: guest-exec-status called, pid: 182904
Feb 18 12:30:28 2526126-co44688 qemu-ga[593]: info: guest-exec called: "/bin/sh -c df -Pk /dev/vda1"
Feb 18 12:30:29 2526126-co44688 qemu-ga[593]: info: guest-exec-status called, pid: 182906
Feb 18 13:20:18 2526126-co44688 qemu-ga[593]: info: guest-exec called: "/bin/sh -c lsblk --list -o NAME,FSTYPE --noheadings /dev/vda"
Feb 18 13:20:19 2526126-co44688 qemu-ga[593]: info: guest-exec-status called, pid: 183200
Feb 18 13:20:19 2526126-co44688 qemu-ga[593]: info: guest-exec called: "/bin/sh -c df -Pk /dev/vda1"
Feb 18 13:20:20 2526126-co44688 qemu-ga[593]: info: guest-exec-status called, pid: 183202
Feb 18 14:10:24 2526126-co44688 qemu-ga[593]: info: guest-exec called: "/bin/sh -c lsblk --list -o NAME,FSTYPE --noheadings /dev/vda"
Feb 18 14:10:25 2526126-co44688 qemu-ga[593]: info: guest-exec-status called, pid: 183330
Feb 18 14:10:25 2526126-co44688 qemu-ga[593]: info: guest-exec called: "/bin/sh -c df -Pk /dev/vda1"
Feb 18 14:10:26 2526126-co44688 qemu-ga[593]: info: guest-exec-status called, pid: 183332
Feb 18 15:00:23 2526126-co44688 qemu-ga[593]: info: guest-exec called: "/bin/sh -c lsblk --list -o NAME,FSTYPE --noheadings /dev/vda"
Feb 18 15:00:24 2526126-co44688 qemu-ga[593]: info: guest-exec-status called, pid: 183466
Feb 18 15:00:24 2526126-co44688 qemu-ga[593]: info: guest-exec called: "/bin/sh -c df -Pk /dev/vda1"
Feb 18 15:00:25 2526126-co44688 qemu-ga[593]: info: guest-exec-status called, pid: 183468
Feb 18 15:50:26 2526126-co44688 qemu-ga[593]: info: guest-exec called: "/bin/sh -c lsblk --list -o NAME,FSTYPE --noheadings /dev/vda"
Feb 18 15:50:27 2526126-co44688 qemu-ga[593]: info: guest-exec-status called, pid: 184263
Feb 18 15:50:27 2526126-co44688 qemu-ga[593]: info: guest-exec called: "/bin/sh -c df -Pk /dev/vda1"
Feb 18 15:50:28 2526126-co44688 qemu-ga[593]: info: guest-exec-status called, pid: 184265
Feb 18 16:40:29 2526126-co44688 qemu-ga[593]: info: guest-exec called: "/bin/sh -c lsblk --list -o NAME,FSTYPE --noheadings /dev/vda"
Feb 18 16:40:30 2526126-co44688 qemu-ga[593]: info: guest-exec-status called, pid: 184698
Feb 18 16:40:30 2526126-co44688 qemu-ga[593]: info: guest-exec called: "/bin/sh -c df -Pk /dev/vda1"
Feb 18 16:40:31 2526126-co44688 qemu-ga[593]: info: guest-exec-status called, pid: 184700
Feb 18 17:30:24 2526126-co44688 qemu-ga[593]: info: guest-exec called: "/bin/sh -c lsblk --list -o NAME,FSTYPE --noheadings /dev/vda"
Feb 18 17:30:25 2526126-co44688 qemu-ga[593]: info: guest-exec-status called, pid: 184851
Feb 18 17:30:25 2526126-co44688 qemu-ga[593]: info: guest-exec called: "/bin/sh -c df -Pk /dev/vda1"
Feb 18 17:30:26 2526126-co44688 qemu-ga[593]: info: guest-exec-status called, pid: 184853
Feb 18 18:20:27 2526126-co44688 qemu-ga[593]: info: guest-exec called: "/bin/sh -c lsblk --list -o NAME,FSTYPE --noheadings /dev/vda"
Feb 18 18:20:28 2526126-co44688 qemu-ga[593]: info: guest-exec-status called, pid: 184960
Feb 18 18:20:28 2526126-co44688 qemu-ga[593]: info: guest-exec called: "/bin/sh -c df -Pk /dev/vda1"
Feb 18 18:20:29 2526126-co44688 qemu-ga[593]: info: guest-exec-status called, pid: 184962
Feb 18 19:10:19 2526126-co44688 qemu-ga[593]: info: guest-exec called: "/bin/sh -c lsblk --list -o NAME,FSTYPE --noheadings /dev/vda"
Feb 18 19:10:20 2526126-co44688 qemu-ga[593]: info: guest-exec-status called, pid: 185669
Feb 18 19:10:20 2526126-co44688 qemu-ga[593]: info: guest-exec called: "/bin/sh -c df -Pk /dev/vda1"
Feb 18 19:10:21 2526126-co44688 qemu-ga[593]: info: guest-exec-status called, pid: 185671
Feb 18 20:00:19 2526126-co44688 qemu-ga[593]: info: guest-exec called: "/bin/sh -c lsblk --list -o NAME,FSTYPE --noheadings /dev/vda"
Feb 18 20:00:20 2526126-co44688 qemu-ga[593]: info: guest-exec-status called, pid: 186011
Feb 18 20:00:20 2526126-co44688 qemu-ga[593]: info: guest-exec called: "/bin/sh -c df -Pk /dev/vda1"
Feb 18 20:00:21 2526126-co44688 qemu-ga[593]: info: guest-exec-status called, pid: 186013
Feb 18 20:50:24 2526126-co44688 qemu-ga[593]: info: guest-exec called: "/bin/sh -c lsblk --list -o NAME,FSTYPE --noheadings /dev/vda"
Feb 18 20:50:25 2526126-co44688 qemu-ga[593]: info: guest-exec-status called, pid: 186459
Feb 18 20:50:25 2526126-co44688 qemu-ga[593]: info: guest-exec called: "/bin/sh -c df -Pk /dev/vda1"
Feb 18 20:50:26 2526126-co44688 qemu-ga[593]: info: guest-exec-status called, pid: 186461
Feb 18 21:27:37 2526126-co44688 NetworkManager[681]: <info>  [1708280857.9816] dhcp4 (ens3):   address 89.223.124.90
Feb 18 21:27:37 2526126-co44688 NetworkManager[681]: <info>  [1708280857.9816] dhcp4 (ens3):   plen 24 (255.255.255.0)
Feb 18 21:27:37 2526126-co44688 NetworkManager[681]: <info>  [1708280857.9817] dhcp4 (ens3):   classless static route 169.254.169.0/24 gw 0.0.0.0
Feb 18 21:27:37 2526126-co44688 NetworkManager[681]: <info>  [1708280857.9817] dhcp4 (ens3):   gateway 89.223.124.1
Feb 18 21:27:37 2526126-co44688 NetworkManager[681]: <info>  [1708280857.9817] dhcp4 (ens3):   lease time 86400
Feb 18 21:27:37 2526126-co44688 NetworkManager[681]: <info>  [1708280857.9817] dhcp4 (ens3):   nameserver '92.53.116.104'
Feb 18 21:27:37 2526126-co44688 NetworkManager[681]: <info>  [1708280857.9817] dhcp4 (ens3):   nameserver '92.53.116.13'
Feb 18 21:27:37 2526126-co44688 NetworkManager[681]: <info>  [1708280857.9817] dhcp4 (ens3): state changed new lease, address=89.223.124.90
Feb 18 21:40:25 2526126-co44688 qemu-ga[593]: info: guest-exec called: "/bin/sh -c lsblk --list -o NAME,FSTYPE --noheadings /dev/vda"
Feb 18 21:40:26 2526126-co44688 qemu-ga[593]: info: guest-exec-status called, pid: 186873
Feb 18 21:40:26 2526126-co44688 qemu-ga[593]: info: guest-exec called: "/bin/sh -c df -Pk /dev/vda1"
Feb 18 21:40:27 2526126-co44688 qemu-ga[593]: info: guest-exec-status called, pid: 186875
Feb 18 22:30:18 2526126-co44688 qemu-ga[593]: info: guest-exec called: "/bin/sh -c lsblk --list -o NAME,FSTYPE --noheadings /dev/vda"
Feb 18 22:30:19 2526126-co44688 qemu-ga[593]: info: guest-exec-status called, pid: 187041
Feb 18 22:30:19 2526126-co44688 qemu-ga[593]: info: guest-exec called: "/bin/sh -c df -Pk /dev/vda1"
Feb 18 22:30:20 2526126-co44688 qemu-ga[593]: info: guest-exec-status called, pid: 187043
Feb 18 23:20:19 2526126-co44688 qemu-ga[593]: info: guest-exec called: "/bin/sh -c lsblk --list -o NAME,FSTYPE --noheadings /dev/vda"
Feb 18 23:20:20 2526126-co44688 qemu-ga[593]: info: guest-exec-status called, pid: 187308
Feb 18 23:20:20 2526126-co44688 qemu-ga[593]: info: guest-exec called: "/bin/sh -c df -Pk /dev/vda1"
Feb 18 23:20:21 2526126-co44688 qemu-ga[593]: info: guest-exec-status called, pid: 187310
Feb 19 00:10:22 2526126-co44688 qemu-ga[593]: info: guest-exec called: "/bin/sh -c lsblk --list -o NAME,FSTYPE --noheadings /dev/vda"
Feb 19 00:10:23 2526126-co44688 qemu-ga[593]: info: guest-exec-status called, pid: 188196
Feb 19 00:10:23 2526126-co44688 qemu-ga[593]: info: guest-exec called: "/bin/sh -c df -Pk /dev/vda1"
Feb 19 00:10:24 2526126-co44688 qemu-ga[593]: info: guest-exec-status called, pid: 188198
Feb 19 00:50:32 2526126-co44688 qemu-ga[593]: info: guest-exec called: "/bin/sh -c lsblk --list -o NAME,FSTYPE --noheadings /dev/vda"
Feb 19 00:50:33 2526126-co44688 qemu-ga[593]: info: guest-exec-status called, pid: 189407
Feb 19 00:50:33 2526126-co44688 qemu-ga[593]: info: guest-exec called: "/bin/sh -c df -Pk /dev/vda1"
Feb 19 00:50:34 2526126-co44688 qemu-ga[593]: info: guest-exec-status called, pid: 189409
Feb 19 01:40:24 2526126-co44688 qemu-ga[593]: info: guest-exec called: "/bin/sh -c lsblk --list -o NAME,FSTYPE --noheadings /dev/vda"
Feb 19 01:40:25 2526126-co44688 qemu-ga[593]: info: guest-exec-status called, pid: 189622
Feb 19 01:40:25 2526126-co44688 qemu-ga[593]: info: guest-exec called: "/bin/sh -c df -Pk /dev/vda1"
Feb 19 01:40:26 2526126-co44688 qemu-ga[593]: info: guest-exec-status called, pid: 189624
Feb 19 02:30:19 2526126-co44688 qemu-ga[593]: info: guest-exec called: "/bin/sh -c lsblk --list -o NAME,FSTYPE --noheadings /dev/vda"
Feb 19 02:30:20 2526126-co44688 qemu-ga[593]: info: guest-exec-status called, pid: 189964
Feb 19 02:30:20 2526126-co44688 qemu-ga[593]: info: guest-exec called: "/bin/sh -c df -Pk /dev/vda1"
Feb 19 02:30:21 2526126-co44688 qemu-ga[593]: info: guest-exec-status called, pid: 189966
Feb 19 03:20:21 2526126-co44688 qemu-ga[593]: info: guest-exec called: "/bin/sh -c lsblk --list -o NAME,FSTYPE --noheadings /dev/vda"
Feb 19 03:20:22 2526126-co44688 qemu-ga[593]: info: guest-exec-status called, pid: 190205
Feb 19 03:20:22 2526126-co44688 qemu-ga[593]: info: guest-exec called: "/bin/sh -c df -Pk /dev/vda1"
Feb 19 03:20:23 2526126-co44688 qemu-ga[593]: info: guest-exec-status called, pid: 190207
Feb 19 04:10:19 2526126-co44688 qemu-ga[593]: info: guest-exec called: "/bin/sh -c lsblk --list -o NAME,FSTYPE --noheadings /dev/vda"
Feb 19 04:10:20 2526126-co44688 qemu-ga[593]: info: guest-exec-status called, pid: 190423
Feb 19 04:10:20 2526126-co44688 qemu-ga[593]: info: guest-exec called: "/bin/sh -c df -Pk /dev/vda1"
Feb 19 04:10:21 2526126-co44688 qemu-ga[593]: info: guest-exec-status called, pid: 190425
Feb 19 05:00:18 2526126-co44688 qemu-ga[593]: info: guest-exec called: "/bin/sh -c lsblk --list -o NAME,FSTYPE --noheadings /dev/vda"
Feb 19 05:00:19 2526126-co44688 qemu-ga[593]: info: guest-exec-status called, pid: 190553
Feb 19 05:00:19 2526126-co44688 qemu-ga[593]: info: guest-exec called: "/bin/sh -c df -Pk /dev/vda1"
Feb 19 05:00:20 2526126-co44688 qemu-ga[593]: info: guest-exec-status called, pid: 190555
Feb 19 05:50:25 2526126-co44688 qemu-ga[593]: info: guest-exec called: "/bin/sh -c lsblk --list -o NAME,FSTYPE --noheadings /dev/vda"
Feb 19 05:50:26 2526126-co44688 qemu-ga[593]: info: guest-exec-status called, pid: 190865
Feb 19 05:50:26 2526126-co44688 qemu-ga[593]: info: guest-exec called: "/bin/sh -c df -Pk /dev/vda1"
Feb 19 05:50:27 2526126-co44688 qemu-ga[593]: info: guest-exec-status called, pid: 190867
Feb 19 06:40:24 2526126-co44688 qemu-ga[593]: info: guest-exec called: "/bin/sh -c lsblk --list -o NAME,FSTYPE --noheadings /dev/vda"
Feb 19 06:40:25 2526126-co44688 qemu-ga[593]: info: guest-exec-status called, pid: 191047
Feb 19 06:40:25 2526126-co44688 qemu-ga[593]: info: guest-exec called: "/bin/sh -c df -Pk /dev/vda1"
Feb 19 06:40:26 2526126-co44688 qemu-ga[593]: info: guest-exec-status called, pid: 191049
Feb 19 07:30:21 2526126-co44688 qemu-ga[593]: info: guest-exec called: "/bin/sh -c lsblk --list -o NAME,FSTYPE --noheadings /dev/vda"
Feb 19 07:30:22 2526126-co44688 qemu-ga[593]: info: guest-exec-status called, pid: 191280
Feb 19 07:30:22 2526126-co44688 qemu-ga[593]: info: guest-exec called: "/bin/sh -c df -Pk /dev/vda1"
Feb 19 07:30:23 2526126-co44688 qemu-ga[593]: info: guest-exec-status called, pid: 191284
Feb 19 07:36:02 2526126-co44688 NetworkManager[681]: <info>  [1708317362.7971] dhcp4 (ens3):   address 89.223.124.90
Feb 19 07:36:02 2526126-co44688 NetworkManager[681]: <info>  [1708317362.7972] dhcp4 (ens3):   plen 24 (255.255.255.0)
Feb 19 07:36:02 2526126-co44688 NetworkManager[681]: <info>  [1708317362.7972] dhcp4 (ens3):   classless static route 169.254.169.0/24 gw 0.0.0.0
Feb 19 07:36:02 2526126-co44688 NetworkManager[681]: <info>  [1708317362.7972] dhcp4 (ens3):   gateway 89.223.124.1
Feb 19 07:36:02 2526126-co44688 NetworkManager[681]: <info>  [1708317362.7973] dhcp4 (ens3):   lease time 86400
Feb 19 07:36:02 2526126-co44688 NetworkManager[681]: <info>  [1708317362.7973] dhcp4 (ens3):   nameserver '92.53.116.104'
Feb 19 07:36:02 2526126-co44688 NetworkManager[681]: <info>  [1708317362.7973] dhcp4 (ens3):   nameserver '92.53.116.13'
Feb 19 07:36:02 2526126-co44688 NetworkManager[681]: <info>  [1708317362.7973] dhcp4 (ens3): state changed new lease, address=89.223.124.90
Feb 19 08:20:23 2526126-co44688 qemu-ga[593]: info: guest-exec called: "/bin/sh -c lsblk --list -o NAME,FSTYPE --noheadings /dev/vda"
Feb 19 08:20:24 2526126-co44688 qemu-ga[593]: info: guest-exec-status called, pid: 191785
Feb 19 08:20:24 2526126-co44688 qemu-ga[593]: info: guest-exec called: "/bin/sh -c df -Pk /dev/vda1"
Feb 19 08:20:25 2526126-co44688 qemu-ga[593]: info: guest-exec-status called, pid: 191787
Feb 19 09:10:23 2526126-co44688 qemu-ga[593]: info: guest-exec called: "/bin/sh -c lsblk --list -o NAME,FSTYPE --noheadings /dev/vda"
Feb 19 09:10:24 2526126-co44688 qemu-ga[593]: info: guest-exec-status called, pid: 192468
Feb 19 09:10:24 2526126-co44688 qemu-ga[593]: info: guest-exec called: "/bin/sh -c df -Pk /dev/vda1"
Feb 19 09:10:25 2526126-co44688 qemu-ga[593]: info: guest-exec-status called, pid: 192470
Feb 19 10:00:21 2526126-co44688 qemu-ga[593]: info: guest-exec called: "/bin/sh -c lsblk --list -o NAME,FSTYPE --noheadings /dev/vda"
Feb 19 10:00:22 2526126-co44688 qemu-ga[593]: info: guest-exec-status called, pid: 192673
Feb 19 10:00:22 2526126-co44688 qemu-ga[593]: info: guest-exec called: "/bin/sh -c df -Pk /dev/vda1"
Feb 19 10:00:23 2526126-co44688 qemu-ga[593]: info: guest-exec-status called, pid: 192675
Feb 19 10:50:34 2526126-co44688 qemu-ga[593]: info: guest-exec called: "/bin/sh -c lsblk --list -o NAME,FSTYPE --noheadings /dev/vda"
Feb 19 10:50:35 2526126-co44688 qemu-ga[593]: info: guest-exec-status called, pid: 193237
Feb 19 10:50:35 2526126-co44688 qemu-ga[593]: info: guest-exec called: "/bin/sh -c df -Pk /dev/vda1"
Feb 19 10:50:36 2526126-co44688 qemu-ga[593]: info: guest-exec-status called, pid: 193239
Feb 19 11:40:19 2526126-co44688 qemu-ga[593]: info: guest-exec called: "/bin/sh -c lsblk --list -o NAME,FSTYPE --noheadings /dev/vda"
Feb 19 11:40:20 2526126-co44688 qemu-ga[593]: info: guest-exec-status called, pid: 193896
Feb 19 11:40:20 2526126-co44688 qemu-ga[593]: info: guest-exec called: "/bin/sh -c df -Pk /dev/vda1"
Feb 19 11:40:21 2526126-co44688 qemu-ga[593]: info: guest-exec-status called, pid: 193898
Feb 19 12:30:18 2526126-co44688 qemu-ga[593]: info: guest-exec called: "/bin/sh -c lsblk --list -o NAME,FSTYPE --noheadings /dev/vda"
Feb 19 12:30:20 2526126-co44688 qemu-ga[593]: info: guest-exec-status called, pid: 194478
Feb 19 12:30:20 2526126-co44688 qemu-ga[593]: info: guest-exec called: "/bin/sh -c df -Pk /dev/vda1"
Feb 19 12:30:21 2526126-co44688 qemu-ga[593]: info: guest-exec-status called, pid: 194480
Feb 19 13:20:16 2526126-co44688 qemu-ga[593]: info: guest-exec called: "/bin/sh -c lsblk --list -o NAME,FSTYPE --noheadings /dev/vda"
Feb 19 13:20:17 2526126-co44688 qemu-ga[593]: info: guest-exec-status called, pid: 194706
Feb 19 13:20:17 2526126-co44688 qemu-ga[593]: info: guest-exec called: "/bin/sh -c df -Pk /dev/vda1"
Feb 19 13:20:18 2526126-co44688 qemu-ga[593]: info: guest-exec-status called, pid: 194708
Feb 19 14:13:23 2526126-co44688 qemu-ga[593]: info: guest-exec called: "/bin/sh -c lsblk --list -o NAME,FSTYPE --noheadings /dev/vda"
Feb 19 14:13:24 2526126-co44688 qemu-ga[593]: info: guest-exec-status called, pid: 195090
Feb 19 14:13:24 2526126-co44688 qemu-ga[593]: info: guest-exec called: "/bin/sh -c df -Pk /dev/vda1"
Feb 19 14:13:25 2526126-co44688 qemu-ga[593]: info: guest-exec-status called, pid: 195092
Feb 19 15:00:22 2526126-co44688 qemu-ga[593]: info: guest-exec called: "/bin/sh -c lsblk --list -o NAME,FSTYPE --noheadings /dev/vda"
Feb 19 15:00:23 2526126-co44688 qemu-ga[593]: info: guest-exec-status called, pid: 195679
Feb 19 15:00:23 2526126-co44688 qemu-ga[593]: info: guest-exec called: "/bin/sh -c df -Pk /dev/vda1"
Feb 19 15:00:24 2526126-co44688 qemu-ga[593]: info: guest-exec-status called, pid: 195683
Feb 19 15:50:25 2526126-co44688 qemu-ga[593]: info: guest-exec called: "/bin/sh -c lsblk --list -o NAME,FSTYPE --noheadings /dev/vda"
Feb 19 15:50:26 2526126-co44688 qemu-ga[593]: info: guest-exec-status called, pid: 195933
Feb 19 15:50:26 2526126-co44688 qemu-ga[593]: info: guest-exec called: "/bin/sh -c df -Pk /dev/vda1"
Feb 19 15:50:27 2526126-co44688 qemu-ga[593]: info: guest-exec-status called, pid: 195937
Feb 19 16:40:19 2526126-co44688 qemu-ga[593]: info: guest-exec called: "/bin/sh -c lsblk --list -o NAME,FSTYPE --noheadings /dev/vda"
Feb 19 16:40:20 2526126-co44688 qemu-ga[593]: info: guest-exec-status called, pid: 196222
Feb 19 16:40:20 2526126-co44688 qemu-ga[593]: info: guest-exec called: "/bin/sh -c df -Pk /dev/vda1"
Feb 19 16:40:21 2526126-co44688 qemu-ga[593]: info: guest-exec-status called, pid: 196224
Feb 19 17:30:18 2526126-co44688 qemu-ga[593]: info: guest-exec called: "/bin/sh -c lsblk --list -o NAME,FSTYPE --noheadings /dev/vda"
Feb 19 17:30:19 2526126-co44688 qemu-ga[593]: info: guest-exec-status called, pid: 196660
Feb 19 17:30:19 2526126-co44688 qemu-ga[593]: info: guest-exec called: "/bin/sh -c df -Pk /dev/vda1"
Feb 19 17:30:20 2526126-co44688 qemu-ga[593]: info: guest-exec-status called, pid: 196662
Feb 19 18:14:53 2526126-co44688 NetworkManager[681]: <info>  [1708355693.5351] dhcp4 (ens3):   address 89.223.124.90
Feb 19 18:14:53 2526126-co44688 NetworkManager[681]: <info>  [1708355693.5351] dhcp4 (ens3):   plen 24 (255.255.255.0)
Feb 19 18:14:53 2526126-co44688 NetworkManager[681]: <info>  [1708355693.5352] dhcp4 (ens3):   classless static route 169.254.169.0/24 gw 0.0.0.0
Feb 19 18:14:53 2526126-co44688 NetworkManager[681]: <info>  [1708355693.5352] dhcp4 (ens3):   gateway 89.223.124.1
Feb 19 18:14:53 2526126-co44688 NetworkManager[681]: <info>  [1708355693.5352] dhcp4 (ens3):   lease time 86400
Feb 19 18:14:53 2526126-co44688 NetworkManager[681]: <info>  [1708355693.5352] dhcp4 (ens3):   nameserver '92.53.116.104'
Feb 19 18:14:53 2526126-co44688 NetworkManager[681]: <info>  [1708355693.5352] dhcp4 (ens3):   nameserver '92.53.116.13'
Feb 19 18:14:53 2526126-co44688 NetworkManager[681]: <info>  [1708355693.5353] dhcp4 (ens3): state changed new lease, address=89.223.124.90
Feb 19 18:20:17 2526126-co44688 qemu-ga[593]: info: guest-exec called: "/bin/sh -c lsblk --list -o NAME,FSTYPE --noheadings /dev/vda"
Feb 19 18:20:18 2526126-co44688 qemu-ga[593]: info: guest-exec-status called, pid: 196886
Feb 19 18:20:18 2526126-co44688 qemu-ga[593]: info: guest-exec called: "/bin/sh -c df -Pk /dev/vda1"
Feb 19 18:20:19 2526126-co44688 qemu-ga[593]: info: guest-exec-status called, pid: 196888
Feb 19 19:10:19 2526126-co44688 qemu-ga[593]: info: guest-exec called: "/bin/sh -c lsblk --list -o NAME,FSTYPE --noheadings /dev/vda"
Feb 19 19:10:20 2526126-co44688 qemu-ga[593]: info: guest-exec-status called, pid: 198027
Feb 19 19:10:20 2526126-co44688 qemu-ga[593]: info: guest-exec called: "/bin/sh -c df -Pk /dev/vda1"
Feb 19 19:10:21 2526126-co44688 qemu-ga[593]: info: guest-exec-status called, pid: 198029
Feb 19 20:00:19 2526126-co44688 qemu-ga[593]: info: guest-exec called: "/bin/sh -c lsblk --list -o NAME,FSTYPE --noheadings /dev/vda"
Feb 19 20:00:20 2526126-co44688 qemu-ga[593]: info: guest-exec-status called, pid: 198786
Feb 19 20:00:20 2526126-co44688 qemu-ga[593]: info: guest-exec called: "/bin/sh -c df -Pk /dev/vda1"
Feb 19 20:00:21 2526126-co44688 qemu-ga[593]: info: guest-exec-status called, pid: 198788
Feb 19 20:50:16 2526126-co44688 qemu-ga[593]: info: guest-exec called: "/bin/sh -c lsblk --list -o NAME,FSTYPE --noheadings /dev/vda"
Feb 19 20:50:17 2526126-co44688 qemu-ga[593]: info: guest-exec-status called, pid: 198890
Feb 19 20:50:17 2526126-co44688 qemu-ga[593]: info: guest-exec called: "/bin/sh -c df -Pk /dev/vda1"
Feb 19 20:50:18 2526126-co44688 qemu-ga[593]: info: guest-exec-status called, pid: 198892
Feb 19 21:40:19 2526126-co44688 qemu-ga[593]: info: guest-exec called: "/bin/sh -c lsblk --list -o NAME,FSTYPE --noheadings /dev/vda"
Feb 19 21:40:20 2526126-co44688 qemu-ga[593]: info: guest-exec-status called, pid: 199323
Feb 19 21:40:20 2526126-co44688 qemu-ga[593]: info: guest-exec called: "/bin/sh -c df -Pk /dev/vda1"
Feb 19 21:40:21 2526126-co44688 qemu-ga[593]: info: guest-exec-status called, pid: 199325
Feb 19 22:30:17 2526126-co44688 qemu-ga[593]: info: guest-exec called: "/bin/sh -c lsblk --list -o NAME,FSTYPE --noheadings /dev/vda"
Feb 19 22:30:18 2526126-co44688 qemu-ga[593]: info: guest-exec-status called, pid: 199971
Feb 19 22:30:18 2526126-co44688 qemu-ga[593]: info: guest-exec called: "/bin/sh -c df -Pk /dev/vda1"
Feb 19 22:30:19 2526126-co44688 qemu-ga[593]: info: guest-exec-status called, pid: 199973
Feb 19 23:20:18 2526126-co44688 qemu-ga[593]: info: guest-exec called: "/bin/sh -c lsblk --list -o NAME,FSTYPE --noheadings /dev/vda"
Feb 19 23:20:19 2526126-co44688 qemu-ga[593]: info: guest-exec-status called, pid: 201161
Feb 19 23:20:19 2526126-co44688 qemu-ga[593]: info: guest-exec called: "/bin/sh -c df -Pk /dev/vda1"
Feb 19 23:20:20 2526126-co44688 qemu-ga[593]: info: guest-exec-status called, pid: 201163
Feb 20 00:10:18 2526126-co44688 qemu-ga[593]: info: guest-exec called: "/bin/sh -c lsblk --list -o NAME,FSTYPE --noheadings /dev/vda"
Feb 20 00:10:19 2526126-co44688 qemu-ga[593]: info: guest-exec-status called, pid: 201947
Feb 20 00:10:19 2526126-co44688 qemu-ga[593]: info: guest-exec called: "/bin/sh -c df -Pk /dev/vda1"
Feb 20 00:10:20 2526126-co44688 qemu-ga[593]: info: guest-exec-status called, pid: 201949
Feb 20 00:50:17 2526126-co44688 qemu-ga[593]: info: guest-exec called: "/bin/sh -c lsblk --list -o NAME,FSTYPE --noheadings /dev/vda"
Feb 20 00:50:18 2526126-co44688 qemu-ga[593]: info: guest-exec-status called, pid: 202216
Feb 20 00:50:18 2526126-co44688 qemu-ga[593]: info: guest-exec called: "/bin/sh -c df -Pk /dev/vda1"
Feb 20 00:50:19 2526126-co44688 qemu-ga[593]: info: guest-exec-status called, pid: 202218
Feb 20 01:40:17 2526126-co44688 qemu-ga[593]: info: guest-exec called: "/bin/sh -c lsblk --list -o NAME,FSTYPE --noheadings /dev/vda"
Feb 20 01:40:18 2526126-co44688 qemu-ga[593]: info: guest-exec-status called, pid: 202421
Feb 20 01:40:18 2526126-co44688 qemu-ga[593]: info: guest-exec called: "/bin/sh -c df -Pk /dev/vda1"
Feb 20 01:40:19 2526126-co44688 qemu-ga[593]: info: guest-exec-status called, pid: 202423
Feb 20 02:34:24 2526126-co44688 qemu-ga[593]: info: guest-exec called: "/bin/sh -c lsblk --list -o NAME,FSTYPE --noheadings /dev/vda"
Feb 20 02:34:25 2526126-co44688 qemu-ga[593]: info: guest-exec-status called, pid: 202735
Feb 20 02:34:25 2526126-co44688 qemu-ga[593]: info: guest-exec called: "/bin/sh -c df -Pk /dev/vda1"
Feb 20 02:34:26 2526126-co44688 qemu-ga[593]: info: guest-exec-status called, pid: 202737
Feb 20 03:38:51 2526126-co44688 qemu-ga[593]: info: guest-exec called: "/bin/sh -c lsblk --list -o NAME,FSTYPE --noheadings /dev/vda"
Feb 20 03:38:52 2526126-co44688 qemu-ga[593]: info: guest-exec-status called, pid: 202955
Feb 20 03:38:52 2526126-co44688 qemu-ga[593]: info: guest-exec called: "/bin/sh -c df -Pk /dev/vda1"
Feb 20 03:38:53 2526126-co44688 qemu-ga[593]: info: guest-exec-status called, pid: 202957
Feb 20 04:10:25 2526126-co44688 qemu-ga[593]: info: guest-exec called: "/bin/sh -c lsblk --list -o NAME,FSTYPE --noheadings /dev/vda"
Feb 20 04:10:26 2526126-co44688 qemu-ga[593]: info: guest-exec-status called, pid: 203084
Feb 20 04:10:26 2526126-co44688 qemu-ga[593]: info: guest-exec called: "/bin/sh -c df -Pk /dev/vda1"
Feb 20 04:10:27 2526126-co44688 qemu-ga[593]: info: guest-exec-status called, pid: 203086
Feb 20 04:34:49 2526126-co44688 NetworkManager[681]: <info>  [1708392889.3375] dhcp4 (ens3):   address 89.223.124.90
Feb 20 04:34:49 2526126-co44688 NetworkManager[681]: <info>  [1708392889.3375] dhcp4 (ens3):   plen 24 (255.255.255.0)
Feb 20 04:34:49 2526126-co44688 NetworkManager[681]: <info>  [1708392889.3376] dhcp4 (ens3):   classless static route 169.254.169.0/24 gw 0.0.0.0
Feb 20 04:34:49 2526126-co44688 NetworkManager[681]: <info>  [1708392889.3376] dhcp4 (ens3):   gateway 89.223.124.1
Feb 20 04:34:49 2526126-co44688 NetworkManager[681]: <info>  [1708392889.3376] dhcp4 (ens3):   lease time 86400
Feb 20 04:34:49 2526126-co44688 NetworkManager[681]: <info>  [1708392889.3376] dhcp4 (ens3):   nameserver '92.53.116.104'
Feb 20 04:34:49 2526126-co44688 NetworkManager[681]: <info>  [1708392889.3376] dhcp4 (ens3):   nameserver '92.53.116.13'
Feb 20 04:34:49 2526126-co44688 NetworkManager[681]: <info>  [1708392889.3377] dhcp4 (ens3): state changed new lease, address=89.223.124.90
Feb 20 05:00:20 2526126-co44688 qemu-ga[593]: info: guest-exec called: "/bin/sh -c lsblk --list -o NAME,FSTYPE --noheadings /dev/vda"
Feb 20 05:00:21 2526126-co44688 qemu-ga[593]: info: guest-exec-status called, pid: 203293
Feb 20 05:00:21 2526126-co44688 qemu-ga[593]: info: guest-exec called: "/bin/sh -c df -Pk /dev/vda1"
Feb 20 05:00:22 2526126-co44688 qemu-ga[593]: info: guest-exec-status called, pid: 203295
Feb 20 05:50:28 2526126-co44688 qemu-ga[593]: info: guest-exec called: "/bin/sh -c lsblk --list -o NAME,FSTYPE --noheadings /dev/vda"
Feb 20 05:50:29 2526126-co44688 qemu-ga[593]: info: guest-exec-status called, pid: 203579
Feb 20 05:50:29 2526126-co44688 qemu-ga[593]: info: guest-exec called: "/bin/sh -c df -Pk /dev/vda1"
Feb 20 05:50:30 2526126-co44688 qemu-ga[593]: info: guest-exec-status called, pid: 203581
Feb 20 06:40:24 2526126-co44688 qemu-ga[593]: info: guest-exec called: "/bin/sh -c lsblk --list -o NAME,FSTYPE --noheadings /dev/vda"
Feb 20 06:40:25 2526126-co44688 qemu-ga[593]: info: guest-exec-status called, pid: 203957
Feb 20 06:40:25 2526126-co44688 qemu-ga[593]: info: guest-exec called: "/bin/sh -c df -Pk /dev/vda1"
Feb 20 06:40:26 2526126-co44688 qemu-ga[593]: info: guest-exec-status called, pid: 203959
Feb 20 07:30:24 2526126-co44688 qemu-ga[593]: info: guest-exec called: "/bin/sh -c lsblk --list -o NAME,FSTYPE --noheadings /dev/vda"
Feb 20 07:30:25 2526126-co44688 qemu-ga[593]: info: guest-exec-status called, pid: 204538
Feb 20 07:30:25 2526126-co44688 qemu-ga[593]: info: guest-exec called: "/bin/sh -c df -Pk /dev/vda1"
Feb 20 07:30:26 2526126-co44688 qemu-ga[593]: info: guest-exec-status called, pid: 204540
Feb 20 08:20:20 2526126-co44688 qemu-ga[593]: info: guest-exec called: "/bin/sh -c lsblk --list -o NAME,FSTYPE --noheadings /dev/vda"
Feb 20 08:20:21 2526126-co44688 qemu-ga[593]: info: guest-exec-status called, pid: 205124
Feb 20 08:20:21 2526126-co44688 qemu-ga[593]: info: guest-exec called: "/bin/sh -c df -Pk /dev/vda1"
Feb 20 08:20:22 2526126-co44688 qemu-ga[593]: info: guest-exec-status called, pid: 205126
Feb 20 09:10:17 2526126-co44688 qemu-ga[593]: info: guest-exec called: "/bin/sh -c lsblk --list -o NAME,FSTYPE --noheadings /dev/vda"
Feb 20 09:10:18 2526126-co44688 qemu-ga[593]: info: guest-exec-status called, pid: 205676
Feb 20 09:10:18 2526126-co44688 qemu-ga[593]: info: guest-exec called: "/bin/sh -c df -Pk /dev/vda1"
Feb 20 09:10:19 2526126-co44688 qemu-ga[593]: info: guest-exec-status called, pid: 205678
Feb 20 10:00:17 2526126-co44688 qemu-ga[593]: info: guest-exec called: "/bin/sh -c lsblk --list -o NAME,FSTYPE --noheadings /dev/vda"
Feb 20 10:00:18 2526126-co44688 qemu-ga[593]: info: guest-exec-status called, pid: 206199
Feb 20 10:00:18 2526126-co44688 qemu-ga[593]: info: guest-exec called: "/bin/sh -c df -Pk /dev/vda1"
Feb 20 10:00:19 2526126-co44688 qemu-ga[593]: info: guest-exec-status called, pid: 206201
Feb 20 10:50:19 2526126-co44688 qemu-ga[593]: info: guest-exec called: "/bin/sh -c lsblk --list -o NAME,FSTYPE --noheadings /dev/vda"
Feb 20 10:50:20 2526126-co44688 qemu-ga[593]: info: guest-exec-status called, pid: 206727
Feb 20 10:50:20 2526126-co44688 qemu-ga[593]: info: guest-exec called: "/bin/sh -c df -Pk /dev/vda1"
Feb 20 10:50:21 2526126-co44688 qemu-ga[593]: info: guest-exec-status called, pid: 206729
Feb 20 11:40:19 2526126-co44688 qemu-ga[593]: info: guest-exec called: "/bin/sh -c lsblk --list -o NAME,FSTYPE --noheadings /dev/vda"
Feb 20 11:40:21 2526126-co44688 qemu-ga[593]: info: guest-exec-status called, pid: 207228
Feb 20 11:40:21 2526126-co44688 qemu-ga[593]: info: guest-exec called: "/bin/sh -c df -Pk /dev/vda1"
Feb 20 11:40:22 2526126-co44688 qemu-ga[593]: info: guest-exec-status called, pid: 207230
Feb 20 12:30:21 2526126-co44688 qemu-ga[593]: info: guest-exec called: "/bin/sh -c lsblk --list -o NAME,FSTYPE --noheadings /dev/vda"
Feb 20 12:30:22 2526126-co44688 qemu-ga[593]: info: guest-exec-status called, pid: 207617
Feb 20 12:30:22 2526126-co44688 qemu-ga[593]: info: guest-exec called: "/bin/sh -c df -Pk /dev/vda1"
Feb 20 12:30:23 2526126-co44688 qemu-ga[593]: info: guest-exec-status called, pid: 207619
Feb 20 13:20:17 2526126-co44688 qemu-ga[593]: info: guest-exec called: "/bin/sh -c lsblk --list -o NAME,FSTYPE --noheadings /dev/vda"
Feb 20 13:20:18 2526126-co44688 qemu-ga[593]: info: guest-exec-status called, pid: 207908
Feb 20 13:20:18 2526126-co44688 qemu-ga[593]: info: guest-exec called: "/bin/sh -c df -Pk /dev/vda1"
Feb 20 13:20:19 2526126-co44688 qemu-ga[593]: info: guest-exec-status called, pid: 207910
Feb 20 14:10:18 2526126-co44688 qemu-ga[593]: info: guest-exec called: "/bin/sh -c lsblk --list -o NAME,FSTYPE --noheadings /dev/vda"
Feb 20 14:10:19 2526126-co44688 qemu-ga[593]: info: guest-exec-status called, pid: 209255
Feb 20 14:10:19 2526126-co44688 qemu-ga[593]: info: guest-exec called: "/bin/sh -c df -Pk /dev/vda1"
Feb 20 14:10:20 2526126-co44688 qemu-ga[593]: info: guest-exec-status called, pid: 209259
Feb 20 14:25:03 2526126-co44688 NetworkManager[681]: <info>  [1708428303.6254] dhcp4 (ens3):   address 89.223.124.90
Feb 20 14:25:03 2526126-co44688 NetworkManager[681]: <info>  [1708428303.6255] dhcp4 (ens3):   plen 24 (255.255.255.0)
Feb 20 14:25:03 2526126-co44688 NetworkManager[681]: <info>  [1708428303.6255] dhcp4 (ens3):   classless static route 169.254.169.0/24 gw 0.0.0.0
Feb 20 14:25:03 2526126-co44688 NetworkManager[681]: <info>  [1708428303.6255] dhcp4 (ens3):   gateway 89.223.124.1
Feb 20 14:25:03 2526126-co44688 NetworkManager[681]: <info>  [1708428303.6255] dhcp4 (ens3):   lease time 86400
Feb 20 14:25:03 2526126-co44688 NetworkManager[681]: <info>  [1708428303.6256] dhcp4 (ens3):   nameserver '92.53.116.104'
Feb 20 14:25:03 2526126-co44688 NetworkManager[681]: <info>  [1708428303.6256] dhcp4 (ens3):   nameserver '92.53.116.13'
Feb 20 14:25:03 2526126-co44688 NetworkManager[681]: <info>  [1708428303.6256] dhcp4 (ens3): state changed new lease, address=89.223.124.90
Feb 20 15:00:18 2526126-co44688 qemu-ga[593]: info: guest-exec called: "/bin/sh -c lsblk --list -o NAME,FSTYPE --noheadings /dev/vda"
Feb 20 15:00:19 2526126-co44688 qemu-ga[593]: info: guest-exec-status called, pid: 210431
Feb 20 15:00:19 2526126-co44688 qemu-ga[593]: info: guest-exec called: "/bin/sh -c df -Pk /dev/vda1"
Feb 20 15:00:20 2526126-co44688 qemu-ga[593]: info: guest-exec-status called, pid: 210433
Feb 20 15:50:19 2526126-co44688 qemu-ga[593]: info: guest-exec called: "/bin/sh -c lsblk --list -o NAME,FSTYPE --noheadings /dev/vda"
Feb 20 15:50:20 2526126-co44688 qemu-ga[593]: info: guest-exec-status called, pid: 211706
Feb 20 15:50:20 2526126-co44688 qemu-ga[593]: info: guest-exec called: "/bin/sh -c df -Pk /dev/vda1"
Feb 20 15:50:21 2526126-co44688 qemu-ga[593]: info: guest-exec-status called, pid: 211708
Feb 20 16:40:17 2526126-co44688 qemu-ga[593]: info: guest-exec called: "/bin/sh -c lsblk --list -o NAME,FSTYPE --noheadings /dev/vda"
Feb 20 16:40:18 2526126-co44688 qemu-ga[593]: info: guest-exec-status called, pid: 213180
Feb 20 16:40:18 2526126-co44688 qemu-ga[593]: info: guest-exec called: "/bin/sh -c df -Pk /dev/vda1"
Feb 20 16:40:19 2526126-co44688 qemu-ga[593]: info: guest-exec-status called, pid: 213184
Feb 20 17:30:18 2526126-co44688 qemu-ga[593]: info: guest-exec called: "/bin/sh -c lsblk --list -o NAME,FSTYPE --noheadings /dev/vda"
Feb 20 17:30:19 2526126-co44688 qemu-ga[593]: info: guest-exec-status called, pid: 214365
Feb 20 17:30:19 2526126-co44688 qemu-ga[593]: info: guest-exec called: "/bin/sh -c df -Pk /dev/vda1"
Feb 20 17:30:20 2526126-co44688 qemu-ga[593]: info: guest-exec-status called, pid: 214368
Feb 20 18:20:18 2526126-co44688 qemu-ga[593]: info: guest-exec called: "/bin/sh -c lsblk --list -o NAME,FSTYPE --noheadings /dev/vda"
Feb 20 18:20:19 2526126-co44688 qemu-ga[593]: info: guest-exec-status called, pid: 215515
Feb 20 18:20:19 2526126-co44688 qemu-ga[593]: info: guest-exec called: "/bin/sh -c df -Pk /dev/vda1"
Feb 20 18:20:20 2526126-co44688 qemu-ga[593]: info: guest-exec-status called, pid: 215517
Feb 20 19:10:17 2526126-co44688 qemu-ga[593]: info: guest-exec called: "/bin/sh -c lsblk --list -o NAME,FSTYPE --noheadings /dev/vda"
Feb 20 19:10:18 2526126-co44688 qemu-ga[593]: info: guest-exec-status called, pid: 216655
Feb 20 19:10:18 2526126-co44688 qemu-ga[593]: info: guest-exec called: "/bin/sh -c df -Pk /dev/vda1"
Feb 20 19:10:19 2526126-co44688 qemu-ga[593]: info: guest-exec-status called, pid: 216659
Feb 20 20:00:17 2526126-co44688 qemu-ga[593]: info: guest-exec called: "/bin/sh -c lsblk --list -o NAME,FSTYPE --noheadings /dev/vda"
Feb 20 20:00:18 2526126-co44688 qemu-ga[593]: info: guest-exec-status called, pid: 217822
Feb 20 20:00:18 2526126-co44688 qemu-ga[593]: info: guest-exec called: "/bin/sh -c df -Pk /dev/vda1"
Feb 20 20:00:19 2526126-co44688 qemu-ga[593]: info: guest-exec-status called, pid: 217824
Feb 20 20:50:17 2526126-co44688 qemu-ga[593]: info: guest-exec called: "/bin/sh -c lsblk --list -o NAME,FSTYPE --noheadings /dev/vda"
Feb 20 20:50:18 2526126-co44688 qemu-ga[593]: info: guest-exec-status called, pid: 219093
Feb 20 20:50:18 2526126-co44688 qemu-ga[593]: info: guest-exec called: "/bin/sh -c df -Pk /dev/vda1"
Feb 20 20:50:19 2526126-co44688 qemu-ga[593]: info: guest-exec-status called, pid: 219095
Feb 20 21:40:15 2526126-co44688 qemu-ga[593]: info: guest-exec called: "/bin/sh -c lsblk --list -o NAME,FSTYPE --noheadings /dev/vda"
Feb 20 21:40:16 2526126-co44688 qemu-ga[593]: info: guest-exec-status called, pid: 220227
Feb 20 21:40:16 2526126-co44688 qemu-ga[593]: info: guest-exec called: "/bin/sh -c df -Pk /dev/vda1"
Feb 20 21:40:17 2526126-co44688 qemu-ga[593]: info: guest-exec-status called, pid: 220229
Feb 20 22:30:21 2526126-co44688 qemu-ga[593]: info: guest-exec called: "/bin/sh -c lsblk --list -o NAME,FSTYPE --noheadings /dev/vda"
Feb 20 22:30:22 2526126-co44688 qemu-ga[593]: info: guest-exec-status called, pid: 221402
Feb 20 22:30:22 2526126-co44688 qemu-ga[593]: info: guest-exec called: "/bin/sh -c df -Pk /dev/vda1"
Feb 20 22:30:23 2526126-co44688 qemu-ga[593]: info: guest-exec-status called, pid: 221404
Feb 20 23:20:17 2526126-co44688 qemu-ga[593]: info: guest-exec called: "/bin/sh -c lsblk --list -o NAME,FSTYPE --noheadings /dev/vda"
Feb 20 23:20:18 2526126-co44688 qemu-ga[593]: info: guest-exec-status called, pid: 222523
Feb 20 23:20:18 2526126-co44688 qemu-ga[593]: info: guest-exec called: "/bin/sh -c df -Pk /dev/vda1"
Feb 20 23:20:19 2526126-co44688 qemu-ga[593]: info: guest-exec-status called, pid: 222527
Feb 21 00:10:16 2526126-co44688 qemu-ga[593]: info: guest-exec called: "/bin/sh -c lsblk --list -o NAME,FSTYPE --noheadings /dev/vda"
Feb 21 00:10:17 2526126-co44688 qemu-ga[593]: info: guest-exec-status called, pid: 223814
Feb 21 00:10:17 2526126-co44688 qemu-ga[593]: info: guest-exec called: "/bin/sh -c df -Pk /dev/vda1"
Feb 21 00:10:18 2526126-co44688 qemu-ga[593]: info: guest-exec-status called, pid: 223816
Feb 21 00:17:32 2526126-co44688 NetworkManager[681]: <info>  [1708463852.7279] dhcp4 (ens3):   address 89.223.124.90
Feb 21 00:17:32 2526126-co44688 NetworkManager[681]: <info>  [1708463852.7280] dhcp4 (ens3):   plen 24 (255.255.255.0)
Feb 21 00:17:32 2526126-co44688 NetworkManager[681]: <info>  [1708463852.7280] dhcp4 (ens3):   classless static route 169.254.169.0/24 gw 0.0.0.0
Feb 21 00:17:32 2526126-co44688 NetworkManager[681]: <info>  [1708463852.7280] dhcp4 (ens3):   gateway 89.223.124.1
Feb 21 00:17:32 2526126-co44688 NetworkManager[681]: <info>  [1708463852.7280] dhcp4 (ens3):   lease time 86400
Feb 21 00:17:32 2526126-co44688 NetworkManager[681]: <info>  [1708463852.7280] dhcp4 (ens3):   nameserver '92.53.116.104'
Feb 21 00:17:32 2526126-co44688 NetworkManager[681]: <info>  [1708463852.7280] dhcp4 (ens3):   nameserver '92.53.116.13'
Feb 21 00:17:32 2526126-co44688 NetworkManager[681]: <info>  [1708463852.7281] dhcp4 (ens3): state changed new lease, address=89.223.124.90
Feb 21 00:50:28 2526126-co44688 qemu-ga[593]: info: guest-exec called: "/bin/sh -c lsblk --list -o NAME,FSTYPE --noheadings /dev/vda"
Feb 21 00:50:29 2526126-co44688 qemu-ga[593]: info: guest-exec-status called, pid: 224999
Feb 21 00:50:29 2526126-co44688 qemu-ga[593]: info: guest-exec called: "/bin/sh -c df -Pk /dev/vda1"
Feb 21 00:50:30 2526126-co44688 qemu-ga[593]: info: guest-exec-status called, pid: 225001
Feb 21 01:40:39 2526126-co44688 qemu-ga[593]: info: guest-exec called: "/bin/sh -c lsblk --list -o NAME,FSTYPE --noheadings /dev/vda"
Feb 21 01:40:40 2526126-co44688 qemu-ga[593]: info: guest-exec-status called, pid: 226158
Feb 21 01:40:40 2526126-co44688 qemu-ga[593]: info: guest-exec called: "/bin/sh -c df -Pk /dev/vda1"
Feb 21 01:40:41 2526126-co44688 qemu-ga[593]: info: guest-exec-status called, pid: 226160
Feb 21 02:30:24 2526126-co44688 qemu-ga[593]: info: guest-exec called: "/bin/sh -c lsblk --list -o NAME,FSTYPE --noheadings /dev/vda"
Feb 21 02:30:26 2526126-co44688 qemu-ga[593]: info: guest-exec-status called, pid: 227330
Feb 21 02:30:26 2526126-co44688 qemu-ga[593]: info: guest-exec called: "/bin/sh -c df -Pk /dev/vda1"
Feb 21 02:30:27 2526126-co44688 qemu-ga[593]: info: guest-exec-status called, pid: 227332
Feb 21 03:20:17 2526126-co44688 qemu-ga[593]: info: guest-exec called: "/bin/sh -c lsblk --list -o NAME,FSTYPE --noheadings /dev/vda"
Feb 21 03:20:18 2526126-co44688 qemu-ga[593]: info: guest-exec-status called, pid: 228517
Feb 21 03:20:18 2526126-co44688 qemu-ga[593]: info: guest-exec called: "/bin/sh -c df -Pk /dev/vda1"
Feb 21 03:20:19 2526126-co44688 qemu-ga[593]: info: guest-exec-status called, pid: 228519
Feb 21 04:10:21 2526126-co44688 qemu-ga[593]: info: guest-exec called: "/bin/sh -c lsblk --list -o NAME,FSTYPE --noheadings /dev/vda"
Feb 21 04:10:22 2526126-co44688 qemu-ga[593]: info: guest-exec-status called, pid: 229688
Feb 21 04:10:22 2526126-co44688 qemu-ga[593]: info: guest-exec called: "/bin/sh -c df -Pk /dev/vda1"
Feb 21 04:10:23 2526126-co44688 qemu-ga[593]: info: guest-exec-status called, pid: 229690
Feb 21 05:00:21 2526126-co44688 qemu-ga[593]: info: guest-exec called: "/bin/sh -c lsblk --list -o NAME,FSTYPE --noheadings /dev/vda"
Feb 21 05:00:22 2526126-co44688 qemu-ga[593]: info: guest-exec-status called, pid: 230192
Feb 21 05:00:22 2526126-co44688 qemu-ga[593]: info: guest-exec called: "/bin/sh -c df -Pk /dev/vda1"
Feb 21 05:00:23 2526126-co44688 qemu-ga[593]: info: guest-exec-status called, pid: 230194
Feb 21 05:50:18 2526126-co44688 qemu-ga[593]: info: guest-exec called: "/bin/sh -c lsblk --list -o NAME,FSTYPE --noheadings /dev/vda"
Feb 21 05:50:19 2526126-co44688 qemu-ga[593]: info: guest-exec-status called, pid: 230297
Feb 21 05:50:19 2526126-co44688 qemu-ga[593]: info: guest-exec called: "/bin/sh -c df -Pk /dev/vda1"
Feb 21 05:50:20 2526126-co44688 qemu-ga[593]: info: guest-exec-status called, pid: 230299
Feb 21 06:44:38 2526126-co44688 qemu-ga[593]: info: guest-exec called: "/bin/sh -c lsblk --list -o NAME,FSTYPE --noheadings /dev/vda"
Feb 21 06:44:39 2526126-co44688 qemu-ga[593]: info: guest-exec-status called, pid: 230409
Feb 21 06:44:39 2526126-co44688 qemu-ga[593]: info: guest-exec called: "/bin/sh -c df -Pk /dev/vda1"
Feb 21 06:44:40 2526126-co44688 qemu-ga[593]: info: guest-exec-status called, pid: 230411
Feb 21 07:30:22 2526126-co44688 qemu-ga[593]: info: guest-exec called: "/bin/sh -c lsblk --list -o NAME,FSTYPE --noheadings /dev/vda"
Feb 21 07:30:23 2526126-co44688 qemu-ga[593]: info: guest-exec-status called, pid: 230501
Feb 21 07:30:23 2526126-co44688 qemu-ga[593]: info: guest-exec called: "/bin/sh -c df -Pk /dev/vda1"
Feb 21 07:30:24 2526126-co44688 qemu-ga[593]: info: guest-exec-status called, pid: 230503
Feb 21 08:20:22 2526126-co44688 qemu-ga[593]: info: guest-exec called: "/bin/sh -c lsblk --list -o NAME,FSTYPE --noheadings /dev/vda"
Feb 21 08:20:23 2526126-co44688 qemu-ga[593]: info: guest-exec-status called, pid: 230622
Feb 21 08:20:23 2526126-co44688 qemu-ga[593]: info: guest-exec called: "/bin/sh -c df -Pk /dev/vda1"
Feb 21 08:20:24 2526126-co44688 qemu-ga[593]: info: guest-exec-status called, pid: 230624
Feb 21 09:10:17 2526126-co44688 qemu-ga[593]: info: guest-exec called: "/bin/sh -c lsblk --list -o NAME,FSTYPE --noheadings /dev/vda"
Feb 21 09:10:18 2526126-co44688 qemu-ga[593]: info: guest-exec-status called, pid: 230727
Feb 21 09:10:18 2526126-co44688 qemu-ga[593]: info: guest-exec called: "/bin/sh -c df -Pk /dev/vda1"
Feb 21 09:10:19 2526126-co44688 qemu-ga[593]: info: guest-exec-status called, pid: 230729
Feb 21 10:00:18 2526126-co44688 qemu-ga[593]: info: guest-exec called: "/bin/sh -c lsblk --list -o NAME,FSTYPE --noheadings /dev/vda"
Feb 21 10:00:19 2526126-co44688 qemu-ga[593]: info: guest-exec-status called, pid: 230995
Feb 21 10:00:19 2526126-co44688 qemu-ga[593]: info: guest-exec called: "/bin/sh -c df -Pk /dev/vda1"
Feb 21 10:00:20 2526126-co44688 qemu-ga[593]: info: guest-exec-status called, pid: 230998
Feb 21 10:48:43 2526126-co44688 NetworkManager[681]: <info>  [1708501723.4828] dhcp4 (ens3):   address 89.223.124.90
Feb 21 10:48:43 2526126-co44688 NetworkManager[681]: <info>  [1708501723.4829] dhcp4 (ens3):   plen 24 (255.255.255.0)
Feb 21 10:48:43 2526126-co44688 NetworkManager[681]: <info>  [1708501723.4829] dhcp4 (ens3):   classless static route 169.254.169.0/24 gw 0.0.0.0
Feb 21 10:48:43 2526126-co44688 NetworkManager[681]: <info>  [1708501723.4829] dhcp4 (ens3):   gateway 89.223.124.1
Feb 21 10:48:43 2526126-co44688 NetworkManager[681]: <info>  [1708501723.4829] dhcp4 (ens3):   lease time 86400
Feb 21 10:48:43 2526126-co44688 NetworkManager[681]: <info>  [1708501723.4830] dhcp4 (ens3):   nameserver '92.53.116.104'
Feb 21 10:48:43 2526126-co44688 NetworkManager[681]: <info>  [1708501723.4830] dhcp4 (ens3):   nameserver '92.53.116.13'
Feb 21 10:48:43 2526126-co44688 NetworkManager[681]: <info>  [1708501723.4830] dhcp4 (ens3): state changed new lease, address=89.223.124.90
Feb 21 10:50:14 2526126-co44688 qemu-ga[593]: info: guest-exec called: "/bin/sh -c lsblk --list -o NAME,FSTYPE --noheadings /dev/vda"
Feb 21 10:50:15 2526126-co44688 qemu-ga[593]: info: guest-exec-status called, pid: 231166
Feb 21 10:50:15 2526126-co44688 qemu-ga[593]: info: guest-exec called: "/bin/sh -c df -Pk /dev/vda1"
Feb 21 10:50:16 2526126-co44688 qemu-ga[593]: info: guest-exec-status called, pid: 231168
Feb 21 11:40:19 2526126-co44688 qemu-ga[593]: info: guest-exec called: "/bin/sh -c lsblk --list -o NAME,FSTYPE --noheadings /dev/vda"
Feb 21 11:40:20 2526126-co44688 qemu-ga[593]: info: guest-exec-status called, pid: 231431
Feb 21 11:40:20 2526126-co44688 qemu-ga[593]: info: guest-exec called: "/bin/sh -c df -Pk /dev/vda1"
Feb 21 11:40:21 2526126-co44688 qemu-ga[593]: info: guest-exec-status called, pid: 231433
Feb 21 12:30:20 2526126-co44688 qemu-ga[593]: info: guest-exec called: "/bin/sh -c lsblk --list -o NAME,FSTYPE --noheadings /dev/vda"
Feb 21 12:30:21 2526126-co44688 qemu-ga[593]: info: guest-exec-status called, pid: 232053
Feb 21 12:30:21 2526126-co44688 qemu-ga[593]: info: guest-exec called: "/bin/sh -c df -Pk /dev/vda1"
Feb 21 12:30:22 2526126-co44688 qemu-ga[593]: info: guest-exec-status called, pid: 232055
Feb 21 13:20:22 2526126-co44688 qemu-ga[593]: info: guest-exec called: "/bin/sh -c lsblk --list -o NAME,FSTYPE --noheadings /dev/vda"
Feb 21 13:20:23 2526126-co44688 qemu-ga[593]: info: guest-exec-status called, pid: 232755
Feb 21 13:20:23 2526126-co44688 qemu-ga[593]: info: guest-exec called: "/bin/sh -c df -Pk /dev/vda1"
Feb 21 13:20:24 2526126-co44688 qemu-ga[593]: info: guest-exec-status called, pid: 232757
Feb 21 14:10:21 2526126-co44688 qemu-ga[593]: info: guest-exec called: "/bin/sh -c lsblk --list -o NAME,FSTYPE --noheadings /dev/vda"
Feb 21 14:10:22 2526126-co44688 qemu-ga[593]: info: guest-exec-status called, pid: 233605
Feb 21 14:10:22 2526126-co44688 qemu-ga[593]: info: guest-exec called: "/bin/sh -c df -Pk /dev/vda1"
Feb 21 14:10:23 2526126-co44688 qemu-ga[593]: info: guest-exec-status called, pid: 233607
Feb 21 15:00:15 2526126-co44688 qemu-ga[593]: info: guest-exec called: "/bin/sh -c lsblk --list -o NAME,FSTYPE --noheadings /dev/vda"
Feb 21 15:00:16 2526126-co44688 qemu-ga[593]: info: guest-exec-status called, pid: 234124
Feb 21 15:00:16 2526126-co44688 qemu-ga[593]: info: guest-exec called: "/bin/sh -c df -Pk /dev/vda1"
Feb 21 15:00:17 2526126-co44688 qemu-ga[593]: info: guest-exec-status called, pid: 234126
Feb 21 15:50:17 2526126-co44688 qemu-ga[593]: info: guest-exec called: "/bin/sh -c lsblk --list -o NAME,FSTYPE --noheadings /dev/vda"
Feb 21 15:50:18 2526126-co44688 qemu-ga[593]: info: guest-exec-status called, pid: 234538
Feb 21 15:50:18 2526126-co44688 qemu-ga[593]: info: guest-exec called: "/bin/sh -c df -Pk /dev/vda1"
Feb 21 15:50:19 2526126-co44688 qemu-ga[593]: info: guest-exec-status called, pid: 234540
Feb 21 16:40:20 2526126-co44688 qemu-ga[593]: info: guest-exec called: "/bin/sh -c lsblk --list -o NAME,FSTYPE --noheadings /dev/vda"
Feb 21 16:40:21 2526126-co44688 qemu-ga[593]: info: guest-exec-status called, pid: 234991
Feb 21 16:40:21 2526126-co44688 qemu-ga[593]: info: guest-exec called: "/bin/sh -c df -Pk /dev/vda1"
Feb 21 16:40:22 2526126-co44688 qemu-ga[593]: info: guest-exec-status called, pid: 234993
Feb 21 17:30:14 2526126-co44688 qemu-ga[593]: info: guest-exec called: "/bin/sh -c lsblk --list -o NAME,FSTYPE --noheadings /dev/vda"
Feb 21 17:30:15 2526126-co44688 qemu-ga[593]: info: guest-exec-status called, pid: 235699
Feb 21 17:30:15 2526126-co44688 qemu-ga[593]: info: guest-exec called: "/bin/sh -c df -Pk /dev/vda1"
Feb 21 17:30:16 2526126-co44688 qemu-ga[593]: info: guest-exec-status called, pid: 235701
Feb 21 18:20:16 2526126-co44688 qemu-ga[593]: info: guest-exec called: "/bin/sh -c lsblk --list -o NAME,FSTYPE --noheadings /dev/vda"
Feb 21 18:20:17 2526126-co44688 qemu-ga[593]: info: guest-exec-status called, pid: 236332
Feb 21 18:20:17 2526126-co44688 qemu-ga[593]: info: guest-exec called: "/bin/sh -c df -Pk /dev/vda1"
Feb 21 18:20:18 2526126-co44688 qemu-ga[593]: info: guest-exec-status called, pid: 236334
Feb 21 19:10:17 2526126-co44688 qemu-ga[593]: info: guest-exec called: "/bin/sh -c lsblk --list -o NAME,FSTYPE --noheadings /dev/vda"
Feb 21 19:10:18 2526126-co44688 qemu-ga[593]: info: guest-exec-status called, pid: 236939
Feb 21 19:10:18 2526126-co44688 qemu-ga[593]: info: guest-exec called: "/bin/sh -c df -Pk /dev/vda1"
Feb 21 19:10:19 2526126-co44688 qemu-ga[593]: info: guest-exec-status called, pid: 236941
Feb 21 20:00:18 2526126-co44688 qemu-ga[593]: info: guest-exec called: "/bin/sh -c lsblk --list -o NAME,FSTYPE --noheadings /dev/vda"
Feb 21 20:00:19 2526126-co44688 qemu-ga[593]: info: guest-exec-status called, pid: 237392
Feb 21 20:00:19 2526126-co44688 qemu-ga[593]: info: guest-exec called: "/bin/sh -c df -Pk /dev/vda1"
Feb 21 20:00:20 2526126-co44688 qemu-ga[593]: info: guest-exec-status called, pid: 237394
Feb 21 20:50:16 2526126-co44688 qemu-ga[593]: info: guest-exec called: "/bin/sh -c lsblk --list -o NAME,FSTYPE --noheadings /dev/vda"
Feb 21 20:50:17 2526126-co44688 qemu-ga[593]: info: guest-exec-status called, pid: 238276
Feb 21 20:50:17 2526126-co44688 qemu-ga[593]: info: guest-exec called: "/bin/sh -c df -Pk /dev/vda1"
Feb 21 20:50:18 2526126-co44688 qemu-ga[593]: info: guest-exec-status called, pid: 238278
Feb 21 21:40:22 2526126-co44688 qemu-ga[593]: info: guest-exec called: "/bin/sh -c lsblk --list -o NAME,FSTYPE --noheadings /dev/vda"
Feb 21 21:40:23 2526126-co44688 qemu-ga[593]: info: guest-exec-status called, pid: 238593
Feb 21 21:40:23 2526126-co44688 qemu-ga[593]: info: guest-exec called: "/bin/sh -c df -Pk /dev/vda1"
Feb 21 21:40:24 2526126-co44688 qemu-ga[593]: info: guest-exec-status called, pid: 238595
Feb 21 21:41:07 2526126-co44688 NetworkManager[681]: <info>  [1708540867.8170] dhcp4 (ens3):   address 89.223.124.90
Feb 21 21:41:07 2526126-co44688 NetworkManager[681]: <info>  [1708540867.8171] dhcp4 (ens3):   plen 24 (255.255.255.0)
Feb 21 21:41:07 2526126-co44688 NetworkManager[681]: <info>  [1708540867.8171] dhcp4 (ens3):   classless static route 169.254.169.0/24 gw 0.0.0.0
Feb 21 21:41:07 2526126-co44688 NetworkManager[681]: <info>  [1708540867.8171] dhcp4 (ens3):   gateway 89.223.124.1
Feb 21 21:41:07 2526126-co44688 NetworkManager[681]: <info>  [1708540867.8172] dhcp4 (ens3):   lease time 86400
Feb 21 21:41:07 2526126-co44688 NetworkManager[681]: <info>  [1708540867.8172] dhcp4 (ens3):   nameserver '92.53.116.104'
Feb 21 21:41:07 2526126-co44688 NetworkManager[681]: <info>  [1708540867.8172] dhcp4 (ens3):   nameserver '92.53.116.13'
Feb 21 21:41:07 2526126-co44688 NetworkManager[681]: <info>  [1708540867.8172] dhcp4 (ens3): state changed new lease, address=89.223.124.90
Feb 21 22:30:17 2526126-co44688 qemu-ga[593]: info: guest-exec called: "/bin/sh -c lsblk --list -o NAME,FSTYPE --noheadings /dev/vda"
Feb 21 22:30:18 2526126-co44688 qemu-ga[593]: info: guest-exec-status called, pid: 239531
Feb 21 22:30:18 2526126-co44688 qemu-ga[593]: info: guest-exec called: "/bin/sh -c df -Pk /dev/vda1"
Feb 21 22:30:19 2526126-co44688 qemu-ga[593]: info: guest-exec-status called, pid: 239533
Feb 21 23:20:15 2526126-co44688 qemu-ga[593]: info: guest-exec called: "/bin/sh -c lsblk --list -o NAME,FSTYPE --noheadings /dev/vda"
Feb 21 23:20:16 2526126-co44688 qemu-ga[593]: info: guest-exec-status called, pid: 240017
Feb 21 23:20:16 2526126-co44688 qemu-ga[593]: info: guest-exec called: "/bin/sh -c df -Pk /dev/vda1"
Feb 21 23:20:17 2526126-co44688 qemu-ga[593]: info: guest-exec-status called, pid: 240021
Feb 22 00:10:15 2526126-co44688 qemu-ga[593]: info: guest-exec called: "/bin/sh -c lsblk --list -o NAME,FSTYPE --noheadings /dev/vda"
Feb 22 00:10:16 2526126-co44688 qemu-ga[593]: info: guest-exec-status called, pid: 240509
Feb 22 00:10:16 2526126-co44688 qemu-ga[593]: info: guest-exec called: "/bin/sh -c df -Pk /dev/vda1"
Feb 22 00:10:17 2526126-co44688 qemu-ga[593]: info: guest-exec-status called, pid: 240513
Feb 22 00:50:17 2526126-co44688 qemu-ga[593]: info: guest-exec called: "/bin/sh -c lsblk --list -o NAME,FSTYPE --noheadings /dev/vda"
Feb 22 00:50:18 2526126-co44688 qemu-ga[593]: info: guest-exec-status called, pid: 241089
Feb 22 00:50:18 2526126-co44688 qemu-ga[593]: info: guest-exec called: "/bin/sh -c df -Pk /dev/vda1"
Feb 22 00:50:19 2526126-co44688 qemu-ga[593]: info: guest-exec-status called, pid: 241091
Feb 22 01:40:17 2526126-co44688 qemu-ga[593]: info: guest-exec called: "/bin/sh -c lsblk --list -o NAME,FSTYPE --noheadings /dev/vda"
Feb 22 01:40:18 2526126-co44688 qemu-ga[593]: info: guest-exec-status called, pid: 241542
Feb 22 01:40:18 2526126-co44688 qemu-ga[593]: info: guest-exec called: "/bin/sh -c df -Pk /dev/vda1"
Feb 22 01:40:19 2526126-co44688 qemu-ga[593]: info: guest-exec-status called, pid: 241544
Feb 22 02:30:15 2526126-co44688 qemu-ga[593]: info: guest-exec called: "/bin/sh -c lsblk --list -o NAME,FSTYPE --noheadings /dev/vda"
Feb 22 02:30:16 2526126-co44688 qemu-ga[593]: info: guest-exec-status called, pid: 241794
Feb 22 02:30:16 2526126-co44688 qemu-ga[593]: info: guest-exec called: "/bin/sh -c df -Pk /dev/vda1"
Feb 22 02:30:17 2526126-co44688 qemu-ga[593]: info: guest-exec-status called, pid: 241796
Feb 22 03:25:19 2526126-co44688 qemu-ga[593]: info: guest-exec called: "/bin/sh -c lsblk --list -o NAME,FSTYPE --noheadings /dev/vda"
Feb 22 03:25:20 2526126-co44688 qemu-ga[593]: info: guest-exec-status called, pid: 242271
Feb 22 03:25:20 2526126-co44688 qemu-ga[593]: info: guest-exec called: "/bin/sh -c df -Pk /dev/vda1"
Feb 22 03:25:21 2526126-co44688 qemu-ga[593]: info: guest-exec-status called, pid: 242273
Feb 22 04:21:55 2526126-co44688 qemu-ga[593]: info: guest-exec called: "/bin/sh -c lsblk --list -o NAME,FSTYPE --noheadings /dev/vda"
Feb 22 04:21:56 2526126-co44688 qemu-ga[593]: info: guest-exec-status called, pid: 242833
Feb 22 04:21:56 2526126-co44688 qemu-ga[593]: info: guest-exec called: "/bin/sh -c df -Pk /dev/vda1"
Feb 22 04:21:57 2526126-co44688 qemu-ga[593]: info: guest-exec-status called, pid: 242835
Feb 22 05:00:21 2526126-co44688 qemu-ga[593]: info: guest-exec called: "/bin/sh -c lsblk --list -o NAME,FSTYPE --noheadings /dev/vda"
Feb 22 05:00:22 2526126-co44688 qemu-ga[593]: info: guest-exec-status called, pid: 243167
Feb 22 05:00:22 2526126-co44688 qemu-ga[593]: info: guest-exec called: "/bin/sh -c df -Pk /dev/vda1"
Feb 22 05:00:23 2526126-co44688 qemu-ga[593]: info: guest-exec-status called, pid: 243169
Feb 22 05:50:17 2526126-co44688 qemu-ga[593]: info: guest-exec called: "/bin/sh -c lsblk --list -o NAME,FSTYPE --noheadings /dev/vda"
Feb 22 05:50:18 2526126-co44688 qemu-ga[593]: info: guest-exec-status called, pid: 243734
Feb 22 05:50:18 2526126-co44688 qemu-ga[593]: info: guest-exec called: "/bin/sh -c df -Pk /dev/vda1"
Feb 22 05:50:19 2526126-co44688 qemu-ga[593]: info: guest-exec-status called, pid: 243736
Feb 22 06:40:23 2526126-co44688 qemu-ga[593]: info: guest-exec called: "/bin/sh -c lsblk --list -o NAME,FSTYPE --noheadings /dev/vda"
Feb 22 06:40:24 2526126-co44688 qemu-ga[593]: info: guest-exec-status called, pid: 244184
Feb 22 06:40:24 2526126-co44688 qemu-ga[593]: info: guest-exec called: "/bin/sh -c df -Pk /dev/vda1"
Feb 22 06:40:25 2526126-co44688 qemu-ga[593]: info: guest-exec-status called, pid: 244186
Feb 22 07:30:16 2526126-co44688 qemu-ga[593]: info: guest-exec called: "/bin/sh -c lsblk --list -o NAME,FSTYPE --noheadings /dev/vda"
Feb 22 07:30:17 2526126-co44688 qemu-ga[593]: info: guest-exec-status called, pid: 244518
Feb 22 07:30:17 2526126-co44688 qemu-ga[593]: info: guest-exec called: "/bin/sh -c df -Pk /dev/vda1"
Feb 22 07:30:18 2526126-co44688 qemu-ga[593]: info: guest-exec-status called, pid: 244520
Feb 22 08:27:39 2526126-co44688 qemu-ga[593]: info: guest-exec called: "/bin/sh -c lsblk --list -o NAME,FSTYPE --noheadings /dev/vda"
Feb 22 08:27:40 2526126-co44688 qemu-ga[593]: info: guest-exec-status called, pid: 245295
Feb 22 08:27:40 2526126-co44688 qemu-ga[593]: info: guest-exec called: "/bin/sh -c df -Pk /dev/vda1"
Feb 22 08:27:41 2526126-co44688 qemu-ga[593]: info: guest-exec-status called, pid: 245299
Feb 22 09:10:25 2526126-co44688 qemu-ga[593]: info: guest-exec called: "/bin/sh -c lsblk --list -o NAME,FSTYPE --noheadings /dev/vda"
Feb 22 09:10:26 2526126-co44688 qemu-ga[593]: info: guest-exec-status called, pid: 245958
Feb 22 09:10:26 2526126-co44688 qemu-ga[593]: info: guest-exec called: "/bin/sh -c df -Pk /dev/vda1"
Feb 22 09:10:27 2526126-co44688 qemu-ga[593]: info: guest-exec-status called, pid: 245960
Feb 22 09:27:51 2526126-co44688 NetworkManager[681]: <info>  [1708583271.5514] dhcp4 (ens3):   address 89.223.124.90
Feb 22 09:27:51 2526126-co44688 NetworkManager[681]: <info>  [1708583271.5515] dhcp4 (ens3):   plen 24 (255.255.255.0)
Feb 22 09:27:51 2526126-co44688 NetworkManager[681]: <info>  [1708583271.5516] dhcp4 (ens3):   classless static route 169.254.169.0/24 gw 0.0.0.0
Feb 22 09:27:51 2526126-co44688 NetworkManager[681]: <info>  [1708583271.5516] dhcp4 (ens3):   gateway 89.223.124.1
Feb 22 09:27:51 2526126-co44688 NetworkManager[681]: <info>  [1708583271.5517] dhcp4 (ens3):   lease time 86400
Feb 22 09:27:51 2526126-co44688 NetworkManager[681]: <info>  [1708583271.5517] dhcp4 (ens3):   nameserver '92.53.116.104'
Feb 22 09:27:51 2526126-co44688 NetworkManager[681]: <info>  [1708583271.5517] dhcp4 (ens3):   nameserver '92.53.116.13'
Feb 22 09:27:51 2526126-co44688 NetworkManager[681]: <info>  [1708583271.5518] dhcp4 (ens3): state changed new lease, address=89.223.124.90
Feb 22 10:00:16 2526126-co44688 qemu-ga[593]: info: guest-exec called: "/bin/sh -c lsblk --list -o NAME,FSTYPE --noheadings /dev/vda"
Feb 22 10:00:17 2526126-co44688 qemu-ga[593]: info: guest-exec-status called, pid: 247359
Feb 22 10:00:17 2526126-co44688 qemu-ga[593]: info: guest-exec called: "/bin/sh -c df -Pk /dev/vda1"
Feb 22 10:00:18 2526126-co44688 qemu-ga[593]: info: guest-exec-status called, pid: 247361
Feb 22 10:50:18 2526126-co44688 qemu-ga[593]: info: guest-exec called: "/bin/sh -c lsblk --list -o NAME,FSTYPE --noheadings /dev/vda"
Feb 22 10:50:19 2526126-co44688 qemu-ga[593]: info: guest-exec-status called, pid: 248178
Feb 22 10:50:19 2526126-co44688 qemu-ga[593]: info: guest-exec called: "/bin/sh -c df -Pk /dev/vda1"
Feb 22 10:50:20 2526126-co44688 qemu-ga[593]: info: guest-exec-status called, pid: 248180
Feb 22 11:40:16 2526126-co44688 qemu-ga[593]: info: guest-exec called: "/bin/sh -c lsblk --list -o NAME,FSTYPE --noheadings /dev/vda"
Feb 22 11:40:17 2526126-co44688 qemu-ga[593]: info: guest-exec-status called, pid: 249100
Feb 22 11:40:17 2526126-co44688 qemu-ga[593]: info: guest-exec called: "/bin/sh -c df -Pk /dev/vda1"
Feb 22 11:40:18 2526126-co44688 qemu-ga[593]: info: guest-exec-status called, pid: 249104
Feb 22 12:30:19 2526126-co44688 qemu-ga[593]: info: guest-exec called: "/bin/sh -c lsblk --list -o NAME,FSTYPE --noheadings /dev/vda"
Feb 22 12:30:20 2526126-co44688 qemu-ga[593]: info: guest-exec-status called, pid: 249639
Feb 22 12:30:20 2526126-co44688 qemu-ga[593]: info: guest-exec called: "/bin/sh -c df -Pk /dev/vda1"
Feb 22 12:30:21 2526126-co44688 qemu-ga[593]: info: guest-exec-status called, pid: 249641
Feb 22 13:20:12 2526126-co44688 qemu-ga[593]: info: guest-exec called: "/bin/sh -c lsblk --list -o NAME,FSTYPE --noheadings /dev/vda"
Feb 22 13:20:13 2526126-co44688 qemu-ga[593]: info: guest-exec-status called, pid: 250101
Feb 22 13:20:13 2526126-co44688 qemu-ga[593]: info: guest-exec called: "/bin/sh -c df -Pk /dev/vda1"
Feb 22 13:20:14 2526126-co44688 qemu-ga[593]: info: guest-exec-status called, pid: 250103
Feb 22 14:10:16 2526126-co44688 qemu-ga[593]: info: guest-exec called: "/bin/sh -c lsblk --list -o NAME,FSTYPE --noheadings /dev/vda"
Feb 22 14:10:17 2526126-co44688 qemu-ga[593]: info: guest-exec-status called, pid: 250642
Feb 22 14:10:17 2526126-co44688 qemu-ga[593]: info: guest-exec called: "/bin/sh -c df -Pk /dev/vda1"
Feb 22 14:10:18 2526126-co44688 qemu-ga[593]: info: guest-exec-status called, pid: 250644
Feb 22 15:00:15 2526126-co44688 qemu-ga[593]: info: guest-exec called: "/bin/sh -c lsblk --list -o NAME,FSTYPE --noheadings /dev/vda"
Feb 22 15:00:16 2526126-co44688 qemu-ga[593]: info: guest-exec-status called, pid: 251057
Feb 22 15:00:16 2526126-co44688 qemu-ga[593]: info: guest-exec called: "/bin/sh -c df -Pk /dev/vda1"
Feb 22 15:00:17 2526126-co44688 qemu-ga[593]: info: guest-exec-status called, pid: 251059
Feb 22 15:50:14 2526126-co44688 qemu-ga[593]: info: guest-exec called: "/bin/sh -c lsblk --list -o NAME,FSTYPE --noheadings /dev/vda"
Feb 22 15:50:15 2526126-co44688 qemu-ga[593]: info: guest-exec-status called, pid: 251347
Feb 22 15:50:15 2526126-co44688 qemu-ga[593]: info: guest-exec called: "/bin/sh -c df -Pk /dev/vda1"
Feb 22 15:50:16 2526126-co44688 qemu-ga[593]: info: guest-exec-status called, pid: 251349
Feb 22 16:40:14 2526126-co44688 qemu-ga[593]: info: guest-exec called: "/bin/sh -c lsblk --list -o NAME,FSTYPE --noheadings /dev/vda"
Feb 22 16:40:15 2526126-co44688 qemu-ga[593]: info: guest-exec-status called, pid: 251586
Feb 22 16:40:15 2526126-co44688 qemu-ga[593]: info: guest-exec called: "/bin/sh -c df -Pk /dev/vda1"
Feb 22 16:40:16 2526126-co44688 qemu-ga[593]: info: guest-exec-status called, pid: 251588
Feb 22 17:30:15 2526126-co44688 qemu-ga[593]: info: guest-exec called: "/bin/sh -c lsblk --list -o NAME,FSTYPE --noheadings /dev/vda"
Feb 22 17:30:16 2526126-co44688 qemu-ga[593]: info: guest-exec-status called, pid: 251738
Feb 22 17:30:16 2526126-co44688 qemu-ga[593]: info: guest-exec called: "/bin/sh -c df -Pk /dev/vda1"
Feb 22 17:30:17 2526126-co44688 qemu-ga[593]: info: guest-exec-status called, pid: 251740
Feb 22 18:20:15 2526126-co44688 qemu-ga[593]: info: guest-exec called: "/bin/sh -c lsblk --list -o NAME,FSTYPE --noheadings /dev/vda"
Feb 22 18:20:16 2526126-co44688 qemu-ga[593]: info: guest-exec-status called, pid: 251944
Feb 22 18:20:16 2526126-co44688 qemu-ga[593]: info: guest-exec called: "/bin/sh -c df -Pk /dev/vda1"
Feb 22 18:20:17 2526126-co44688 qemu-ga[593]: info: guest-exec-status called, pid: 251946
Feb 22 18:47:35 2526126-co44688 NetworkManager[681]: <info>  [1708616855.8550] dhcp4 (ens3):   address 89.223.124.90
Feb 22 18:47:35 2526126-co44688 NetworkManager[681]: <info>  [1708616855.8551] dhcp4 (ens3):   plen 24 (255.255.255.0)
Feb 22 18:47:35 2526126-co44688 NetworkManager[681]: <info>  [1708616855.8552] dhcp4 (ens3):   classless static route 169.254.169.0/24 gw 0.0.0.0
Feb 22 18:47:35 2526126-co44688 NetworkManager[681]: <info>  [1708616855.8552] dhcp4 (ens3):   gateway 89.223.124.1
Feb 22 18:47:35 2526126-co44688 NetworkManager[681]: <info>  [1708616855.8552] dhcp4 (ens3):   lease time 86400
Feb 22 18:47:35 2526126-co44688 NetworkManager[681]: <info>  [1708616855.8552] dhcp4 (ens3):   nameserver '92.53.116.104'
Feb 22 18:47:35 2526126-co44688 NetworkManager[681]: <info>  [1708616855.8552] dhcp4 (ens3):   nameserver '92.53.116.13'
Feb 22 18:47:35 2526126-co44688 NetworkManager[681]: <info>  [1708616855.8552] dhcp4 (ens3): state changed new lease, address=89.223.124.90
Feb 22 19:10:13 2526126-co44688 qemu-ga[593]: info: guest-exec called: "/bin/sh -c lsblk --list -o NAME,FSTYPE --noheadings /dev/vda"
Feb 22 19:10:14 2526126-co44688 qemu-ga[593]: info: guest-exec-status called, pid: 252239
Feb 22 19:10:14 2526126-co44688 qemu-ga[593]: info: guest-exec called: "/bin/sh -c df -Pk /dev/vda1"
Feb 22 19:10:15 2526126-co44688 qemu-ga[593]: info: guest-exec-status called, pid: 252241
Feb 22 20:00:19 2526126-co44688 qemu-ga[593]: info: guest-exec called: "/bin/sh -c lsblk --list -o NAME,FSTYPE --noheadings /dev/vda"
Feb 22 20:00:20 2526126-co44688 qemu-ga[593]: info: guest-exec-status called, pid: 252699
Feb 22 20:00:20 2526126-co44688 qemu-ga[593]: info: guest-exec called: "/bin/sh -c df -Pk /dev/vda1"
Feb 22 20:00:21 2526126-co44688 qemu-ga[593]: info: guest-exec-status called, pid: 252701
Feb 22 20:50:19 2526126-co44688 qemu-ga[593]: info: guest-exec called: "/bin/sh -c lsblk --list -o NAME,FSTYPE --noheadings /dev/vda"
Feb 22 20:50:20 2526126-co44688 qemu-ga[593]: info: guest-exec-status called, pid: 253307
Feb 22 20:50:20 2526126-co44688 qemu-ga[593]: info: guest-exec called: "/bin/sh -c df -Pk /dev/vda1"
Feb 22 20:50:21 2526126-co44688 qemu-ga[593]: info: guest-exec-status called, pid: 253309
Feb 22 21:40:18 2526126-co44688 qemu-ga[593]: info: guest-exec called: "/bin/sh -c lsblk --list -o NAME,FSTYPE --noheadings /dev/vda"
Feb 22 21:40:19 2526126-co44688 qemu-ga[593]: info: guest-exec-status called, pid: 254062
Feb 22 21:40:19 2526126-co44688 qemu-ga[593]: info: guest-exec called: "/bin/sh -c df -Pk /dev/vda1"
Feb 22 21:40:20 2526126-co44688 qemu-ga[593]: info: guest-exec-status called, pid: 254064
Feb 22 22:30:18 2526126-co44688 qemu-ga[593]: info: guest-exec called: "/bin/sh -c lsblk --list -o NAME,FSTYPE --noheadings /dev/vda"
Feb 22 22:30:19 2526126-co44688 qemu-ga[593]: info: guest-exec-status called, pid: 254803
Feb 22 22:30:19 2526126-co44688 qemu-ga[593]: info: guest-exec called: "/bin/sh -c df -Pk /dev/vda1"
Feb 22 22:30:20 2526126-co44688 qemu-ga[593]: info: guest-exec-status called, pid: 254807
Feb 22 23:20:15 2526126-co44688 qemu-ga[593]: info: guest-exec called: "/bin/sh -c lsblk --list -o NAME,FSTYPE --noheadings /dev/vda"
Feb 22 23:20:16 2526126-co44688 qemu-ga[593]: info: guest-exec-status called, pid: 256848
Feb 22 23:20:16 2526126-co44688 qemu-ga[593]: info: guest-exec called: "/bin/sh -c df -Pk /dev/vda1"
Feb 22 23:20:17 2526126-co44688 qemu-ga[593]: info: guest-exec-status called, pid: 256850
Feb 23 00:10:15 2526126-co44688 qemu-ga[593]: info: guest-exec called: "/bin/sh -c lsblk --list -o NAME,FSTYPE --noheadings /dev/vda"
Feb 23 00:10:16 2526126-co44688 qemu-ga[593]: info: guest-exec-status called, pid: 257103
Feb 23 00:10:16 2526126-co44688 qemu-ga[593]: info: guest-exec called: "/bin/sh -c df -Pk /dev/vda1"
Feb 23 00:10:17 2526126-co44688 qemu-ga[593]: info: guest-exec-status called, pid: 257105
Feb 23 00:50:15 2526126-co44688 qemu-ga[593]: info: guest-exec called: "/bin/sh -c lsblk --list -o NAME,FSTYPE --noheadings /dev/vda"
Feb 23 00:50:16 2526126-co44688 qemu-ga[593]: info: guest-exec-status called, pid: 257770
Feb 23 00:50:16 2526126-co44688 qemu-ga[593]: info: guest-exec called: "/bin/sh -c df -Pk /dev/vda1"
Feb 23 00:50:17 2526126-co44688 qemu-ga[593]: info: guest-exec-status called, pid: 257776
Feb 23 01:40:20 2526126-co44688 qemu-ga[593]: info: guest-exec called: "/bin/sh -c lsblk --list -o NAME,FSTYPE --noheadings /dev/vda"
Feb 23 01:40:21 2526126-co44688 qemu-ga[593]: info: guest-exec-status called, pid: 259064
Feb 23 01:40:21 2526126-co44688 qemu-ga[593]: info: guest-exec called: "/bin/sh -c df -Pk /dev/vda1"
Feb 23 01:40:22 2526126-co44688 qemu-ga[593]: info: guest-exec-status called, pid: 259066
Feb 23 02:30:20 2526126-co44688 qemu-ga[593]: info: guest-exec called: "/bin/sh -c lsblk --list -o NAME,FSTYPE --noheadings /dev/vda"
Feb 23 02:30:21 2526126-co44688 qemu-ga[593]: info: guest-exec-status called, pid: 259373
Feb 23 02:30:21 2526126-co44688 qemu-ga[593]: info: guest-exec called: "/bin/sh -c df -Pk /dev/vda1"
Feb 23 02:30:22 2526126-co44688 qemu-ga[593]: info: guest-exec-status called, pid: 259375
Feb 23 03:20:21 2526126-co44688 qemu-ga[593]: info: guest-exec called: "/bin/sh -c lsblk --list -o NAME,FSTYPE --noheadings /dev/vda"
Feb 23 03:20:22 2526126-co44688 qemu-ga[593]: info: guest-exec-status called, pid: 260043
Feb 23 03:20:22 2526126-co44688 qemu-ga[593]: info: guest-exec called: "/bin/sh -c df -Pk /dev/vda1"
Feb 23 03:20:23 2526126-co44688 qemu-ga[593]: info: guest-exec-status called, pid: 260045
Feb 23 04:10:16 2526126-co44688 qemu-ga[593]: info: guest-exec called: "/bin/sh -c lsblk --list -o NAME,FSTYPE --noheadings /dev/vda"
Feb 23 04:10:17 2526126-co44688 qemu-ga[593]: info: guest-exec-status called, pid: 260704
Feb 23 04:10:17 2526126-co44688 qemu-ga[593]: info: guest-exec called: "/bin/sh -c df -Pk /dev/vda1"
Feb 23 04:10:18 2526126-co44688 qemu-ga[593]: info: guest-exec-status called, pid: 260706
Feb 23 04:45:58 2526126-co44688 NetworkManager[681]: <info>  [1708652758.0121] dhcp4 (ens3):   address 89.223.124.90
Feb 23 04:45:58 2526126-co44688 NetworkManager[681]: <info>  [1708652758.0123] dhcp4 (ens3):   plen 24 (255.255.255.0)
Feb 23 04:45:58 2526126-co44688 NetworkManager[681]: <info>  [1708652758.0124] dhcp4 (ens3):   classless static route 169.254.169.0/24 gw 0.0.0.0
Feb 23 04:45:58 2526126-co44688 NetworkManager[681]: <info>  [1708652758.0124] dhcp4 (ens3):   gateway 89.223.124.1
Feb 23 04:45:58 2526126-co44688 NetworkManager[681]: <info>  [1708652758.0124] dhcp4 (ens3):   lease time 86400
Feb 23 04:45:58 2526126-co44688 NetworkManager[681]: <info>  [1708652758.0124] dhcp4 (ens3):   nameserver '92.53.116.104'
Feb 23 04:45:58 2526126-co44688 NetworkManager[681]: <info>  [1708652758.0125] dhcp4 (ens3):   nameserver '92.53.116.13'
Feb 23 04:45:58 2526126-co44688 NetworkManager[681]: <info>  [1708652758.0125] dhcp4 (ens3): state changed new lease, address=89.223.124.90
Feb 23 05:00:20 2526126-co44688 qemu-ga[593]: info: guest-exec called: "/bin/sh -c lsblk --list -o NAME,FSTYPE --noheadings /dev/vda"
Feb 23 05:00:21 2526126-co44688 qemu-ga[593]: info: guest-exec-status called, pid: 261247
Feb 23 05:00:21 2526126-co44688 qemu-ga[593]: info: guest-exec called: "/bin/sh -c df -Pk /dev/vda1"
Feb 23 05:00:22 2526126-co44688 qemu-ga[593]: info: guest-exec-status called, pid: 261249
Feb 23 05:50:13 2526126-co44688 qemu-ga[593]: info: guest-exec called: "/bin/sh -c lsblk --list -o NAME,FSTYPE --noheadings /dev/vda"
Feb 23 05:50:14 2526126-co44688 qemu-ga[593]: info: guest-exec-status called, pid: 261815
Feb 23 05:50:14 2526126-co44688 qemu-ga[593]: info: guest-exec called: "/bin/sh -c df -Pk /dev/vda1"
Feb 23 05:50:15 2526126-co44688 qemu-ga[593]: info: guest-exec-status called, pid: 261817
Feb 23 06:40:19 2526126-co44688 qemu-ga[593]: info: guest-exec called: "/bin/sh -c lsblk --list -o NAME,FSTYPE --noheadings /dev/vda"
Feb 23 06:40:20 2526126-co44688 qemu-ga[593]: info: guest-exec-status called, pid: 262776
Feb 23 06:40:20 2526126-co44688 qemu-ga[593]: info: guest-exec called: "/bin/sh -c df -Pk /dev/vda1"
Feb 23 06:40:21 2526126-co44688 qemu-ga[593]: info: guest-exec-status called, pid: 262780
Feb 23 07:30:15 2526126-co44688 qemu-ga[593]: info: guest-exec called: "/bin/sh -c lsblk --list -o NAME,FSTYPE --noheadings /dev/vda"
Feb 23 07:30:16 2526126-co44688 qemu-ga[593]: info: guest-exec-status called, pid: 263984
Feb 23 07:30:16 2526126-co44688 qemu-ga[593]: info: guest-exec called: "/bin/sh -c df -Pk /dev/vda1"
Feb 23 07:30:17 2526126-co44688 qemu-ga[593]: info: guest-exec-status called, pid: 263986
Feb 23 08:20:20 2526126-co44688 qemu-ga[593]: info: guest-exec called: "/bin/sh -c lsblk --list -o NAME,FSTYPE --noheadings /dev/vda"
Feb 23 08:20:21 2526126-co44688 qemu-ga[593]: info: guest-exec-status called, pid: 265246
Feb 23 08:20:21 2526126-co44688 qemu-ga[593]: info: guest-exec called: "/bin/sh -c df -Pk /dev/vda1"
Feb 23 08:20:22 2526126-co44688 qemu-ga[593]: info: guest-exec-status called, pid: 265248
Feb 23 09:12:27 2526126-co44688 qemu-ga[593]: info: guest-exec called: "/bin/sh -c lsblk --list -o NAME,FSTYPE --noheadings /dev/vda"
Feb 23 09:12:28 2526126-co44688 qemu-ga[593]: info: guest-exec-status called, pid: 266662
Feb 23 09:12:28 2526126-co44688 qemu-ga[593]: info: guest-exec called: "/bin/sh -c df -Pk /dev/vda1"
Feb 23 09:12:29 2526126-co44688 qemu-ga[593]: info: guest-exec-status called, pid: 266664
Feb 23 10:00:22 2526126-co44688 qemu-ga[593]: info: guest-exec called: "/bin/sh -c lsblk --list -o NAME,FSTYPE --noheadings /dev/vda"
Feb 23 10:00:23 2526126-co44688 qemu-ga[593]: info: guest-exec-status called, pid: 267876
Feb 23 10:00:23 2526126-co44688 qemu-ga[593]: info: guest-exec called: "/bin/sh -c df -Pk /dev/vda1"
Feb 23 10:00:24 2526126-co44688 qemu-ga[593]: info: guest-exec-status called, pid: 267878
Feb 23 10:50:26 2526126-co44688 qemu-ga[593]: info: guest-exec called: "/bin/sh -c lsblk --list -o NAME,FSTYPE --noheadings /dev/vda"
Feb 23 10:50:27 2526126-co44688 qemu-ga[593]: info: guest-exec-status called, pid: 269168
Feb 23 10:50:27 2526126-co44688 qemu-ga[593]: info: guest-exec called: "/bin/sh -c df -Pk /dev/vda1"
Feb 23 10:50:28 2526126-co44688 qemu-ga[593]: info: guest-exec-status called, pid: 269170
Feb 23 11:40:24 2526126-co44688 qemu-ga[593]: info: guest-exec called: "/bin/sh -c lsblk --list -o NAME,FSTYPE --noheadings /dev/vda"
Feb 23 11:40:25 2526126-co44688 qemu-ga[593]: info: guest-exec-status called, pid: 270291
Feb 23 11:40:25 2526126-co44688 qemu-ga[593]: info: guest-exec called: "/bin/sh -c df -Pk /dev/vda1"
Feb 23 11:40:26 2526126-co44688 qemu-ga[593]: info: guest-exec-status called, pid: 270293
Feb 23 12:30:14 2526126-co44688 qemu-ga[593]: info: guest-exec called: "/bin/sh -c lsblk --list -o NAME,FSTYPE --noheadings /dev/vda"
Feb 23 12:30:15 2526126-co44688 qemu-ga[593]: info: guest-exec-status called, pid: 271133
Feb 23 12:30:15 2526126-co44688 qemu-ga[593]: info: guest-exec called: "/bin/sh -c df -Pk /dev/vda1"
Feb 23 12:30:16 2526126-co44688 qemu-ga[593]: info: guest-exec-status called, pid: 271135
Feb 23 13:20:19 2526126-co44688 qemu-ga[593]: info: guest-exec called: "/bin/sh -c lsblk --list -o NAME,FSTYPE --noheadings /dev/vda"
Feb 23 13:20:20 2526126-co44688 qemu-ga[593]: info: guest-exec-status called, pid: 272051
Feb 23 13:20:20 2526126-co44688 qemu-ga[593]: info: guest-exec called: "/bin/sh -c df -Pk /dev/vda1"
Feb 23 13:20:21 2526126-co44688 qemu-ga[593]: info: guest-exec-status called, pid: 272053
Feb 23 13:51:10 2526126-co44688 NetworkManager[681]: <info>  [1708685470.0277] dhcp4 (ens3):   address 89.223.124.90
Feb 23 13:51:10 2526126-co44688 NetworkManager[681]: <info>  [1708685470.0278] dhcp4 (ens3):   plen 24 (255.255.255.0)
Feb 23 13:51:10 2526126-co44688 NetworkManager[681]: <info>  [1708685470.0279] dhcp4 (ens3):   classless static route 169.254.169.0/24 gw 0.0.0.0
Feb 23 13:51:10 2526126-co44688 NetworkManager[681]: <info>  [1708685470.0279] dhcp4 (ens3):   gateway 89.223.124.1
Feb 23 13:51:10 2526126-co44688 NetworkManager[681]: <info>  [1708685470.0280] dhcp4 (ens3):   lease time 86400
Feb 23 13:51:10 2526126-co44688 NetworkManager[681]: <info>  [1708685470.0280] dhcp4 (ens3):   nameserver '92.53.116.104'
Feb 23 13:51:10 2526126-co44688 NetworkManager[681]: <info>  [1708685470.0280] dhcp4 (ens3):   nameserver '92.53.116.13'
Feb 23 13:51:10 2526126-co44688 NetworkManager[681]: <info>  [1708685470.0280] dhcp4 (ens3): state changed new lease, address=89.223.124.90
Feb 23 14:10:13 2526126-co44688 qemu-ga[593]: info: guest-exec called: "/bin/sh -c lsblk --list -o NAME,FSTYPE --noheadings /dev/vda"
Feb 23 14:10:14 2526126-co44688 qemu-ga[593]: info: guest-exec-status called, pid: 272929
Feb 23 14:10:14 2526126-co44688 qemu-ga[593]: info: guest-exec called: "/bin/sh -c df -Pk /dev/vda1"
Feb 23 14:10:15 2526126-co44688 qemu-ga[593]: info: guest-exec-status called, pid: 272931
Feb 23 14:51:23 2526126-co44688 rsyslogd[1057]: [origin software="rsyslogd" swVersion="8.2102.0-15.el8" x-pid="1057" x-info="https://www.rsyslog.com"] exiting on signal 15.
Feb 23 14:51:23 2526126-co44688 rsyslogd[274437]: [origin software="rsyslogd" swVersion="8.2102.0-15.el8" x-pid="274437" x-info="https://www.rsyslog.com"] start
Feb 23 15:00:29 2526126-co44688 qemu-ga[593]: info: guest-exec called: "/bin/sh -c lsblk --list -o NAME,FSTYPE --noheadings /dev/vda"
Feb 23 15:00:30 2526126-co44688 qemu-ga[593]: info: guest-exec-status called, pid: 274864
Feb 23 15:00:30 2526126-co44688 qemu-ga[593]: info: guest-exec called: "/bin/sh -c df -Pk /dev/vda1"
Feb 23 15:00:31 2526126-co44688 qemu-ga[593]: info: guest-exec-status called, pid: 274866
